<?xml version="1.0" encoding="UTF-8"?>
<testsuite name="com.tavisca.testcontainersexample.controller.PersonControllerTest" tests="1" skipped="0" failures="0" errors="0" timestamp="2020-02-05T05:13:25" hostname="RENTLAPT0012" time="1.282">
  <properties/>
  <testcase name="testSpringBootContext" classname="com.tavisca.testcontainersexample.controller.PersonControllerTest" time="1.282"/>
  <system-out><![CDATA[10:42:46.329 [Test worker] DEBUG org.springframework.test.context.junit4.SpringJUnit4ClassRunner - SpringJUnit4ClassRunner constructor called with [class com.tavisca.testcontainersexample.controller.PersonControllerTest]
10:42:46.365 [Test worker] DEBUG org.springframework.test.context.BootstrapUtils - Instantiating CacheAwareContextLoaderDelegate from class [org.springframework.test.context.cache.DefaultCacheAwareContextLoaderDelegate]
10:42:46.401 [Test worker] DEBUG org.springframework.test.context.BootstrapUtils - Instantiating BootstrapContext using constructor [public org.springframework.test.context.support.DefaultBootstrapContext(java.lang.Class,org.springframework.test.context.CacheAwareContextLoaderDelegate)]
10:42:46.460 [Test worker] DEBUG org.springframework.test.context.BootstrapUtils - Instantiating TestContextBootstrapper for test class [com.tavisca.testcontainersexample.controller.PersonControllerTest] from class [org.springframework.boot.test.context.SpringBootTestContextBootstrapper]
10:42:46.539 [Test worker] DEBUG org.springframework.test.context.support.AbstractContextLoader - Did not detect default resource location for test class [com.tavisca.testcontainersexample.controller.PersonControllerTest]: class path resource [com/tavisca/testcontainersexample/controller/PersonControllerTest-context.xml] does not exist
10:42:46.542 [Test worker] DEBUG org.springframework.test.context.support.AbstractContextLoader - Did not detect default resource location for test class [com.tavisca.testcontainersexample.controller.PersonControllerTest]: class path resource [com/tavisca/testcontainersexample/controller/PersonControllerTestContext.groovy] does not exist
10:42:46.544 [Test worker] INFO org.springframework.test.context.support.AbstractContextLoader - Could not detect default resource locations for test class [com.tavisca.testcontainersexample.controller.PersonControllerTest]: no resource found for suffixes {-context.xml, Context.groovy}.
10:42:46.546 [Test worker] INFO org.springframework.test.context.support.AnnotationConfigContextLoaderUtils - Could not detect default configuration classes for test class [com.tavisca.testcontainersexample.controller.PersonControllerTest]: PersonControllerTest does not declare any static, non-private, non-final, nested classes annotated with @Configuration.
10:42:46.549 [Test worker] DEBUG org.springframework.test.context.support.AbstractContextLoader - Did not detect default resource location for test class [com.tavisca.testcontainersexample.controller.AbstractIntegrationTest]: class path resource [com/tavisca/testcontainersexample/controller/AbstractIntegrationTest-context.xml] does not exist
10:42:46.552 [Test worker] DEBUG org.springframework.test.context.support.AbstractContextLoader - Did not detect default resource location for test class [com.tavisca.testcontainersexample.controller.AbstractIntegrationTest]: class path resource [com/tavisca/testcontainersexample/controller/AbstractIntegrationTestContext.groovy] does not exist
10:42:46.552 [Test worker] INFO org.springframework.test.context.support.AbstractContextLoader - Could not detect default resource locations for test class [com.tavisca.testcontainersexample.controller.AbstractIntegrationTest]: no resource found for suffixes {-context.xml, Context.groovy}.
10:42:46.555 [Test worker] DEBUG org.springframework.test.context.support.AnnotationConfigContextLoaderUtils - Ignoring class [com.tavisca.testcontainersexample.controller.AbstractIntegrationTest$Initializer]; it must be static, non-private, non-final, and annotated with @Configuration to be considered a default configuration class.
10:42:46.556 [Test worker] INFO org.springframework.test.context.support.AnnotationConfigContextLoaderUtils - Could not detect default configuration classes for test class [com.tavisca.testcontainersexample.controller.AbstractIntegrationTest]: AbstractIntegrationTest does not declare any static, non-private, non-final, nested classes annotated with @Configuration.
10:42:46.689 [Test worker] DEBUG org.springframework.test.context.support.ActiveProfilesUtils - Could not find an 'annotation declaring class' for annotation type [org.springframework.test.context.ActiveProfiles] and class [com.tavisca.testcontainersexample.controller.PersonControllerTest]
10:42:46.946 [Test worker] DEBUG org.springframework.context.annotation.ClassPathScanningCandidateComponentProvider - Identified candidate component class: file [C:\Users\sraj\Desktop\REPOS\poc-with-testcontainers\build\classes\java\main\com\tavisca\testcontainersexample\TestApplication.class]
10:42:46.949 [Test worker] INFO org.springframework.boot.test.context.SpringBootTestContextBootstrapper - Found @SpringBootConfiguration com.tavisca.testcontainersexample.TestApplication for test class com.tavisca.testcontainersexample.controller.PersonControllerTest
10:42:47.331 [Test worker] DEBUG org.springframework.boot.test.context.SpringBootTestContextBootstrapper - @TestExecutionListeners is not present for class [com.tavisca.testcontainersexample.controller.PersonControllerTest]: using defaults.
10:42:47.333 [Test worker] INFO org.springframework.boot.test.context.SpringBootTestContextBootstrapper - Loaded default TestExecutionListener class names from location [META-INF/spring.factories]: [org.springframework.boot.test.autoconfigure.restdocs.RestDocsTestExecutionListener, org.springframework.boot.test.autoconfigure.web.client.MockRestServiceServerResetTestExecutionListener, org.springframework.boot.test.autoconfigure.web.servlet.MockMvcPrintOnlyOnFailureTestExecutionListener, org.springframework.boot.test.autoconfigure.web.servlet.WebDriverTestExecutionListener, org.springframework.boot.test.mock.mockito.MockitoTestExecutionListener, org.springframework.boot.test.mock.mockito.ResetMocksTestExecutionListener, org.springframework.test.context.web.ServletTestExecutionListener, org.springframework.test.context.support.DirtiesContextBeforeModesTestExecutionListener, org.springframework.test.context.support.DependencyInjectionTestExecutionListener, org.springframework.test.context.support.DirtiesContextTestExecutionListener, org.springframework.test.context.transaction.TransactionalTestExecutionListener, org.springframework.test.context.jdbc.SqlScriptsTestExecutionListener]
10:42:47.400 [Test worker] INFO org.springframework.boot.test.context.SpringBootTestContextBootstrapper - Using TestExecutionListeners: [org.springframework.test.context.web.ServletTestExecutionListener@e095ffb, org.springframework.test.context.support.DirtiesContextBeforeModesTestExecutionListener@6c9de835, org.springframework.boot.test.mock.mockito.MockitoTestExecutionListener@7ecf5c07, org.springframework.boot.test.autoconfigure.SpringBootDependencyInjectionTestExecutionListener@5de6331, org.springframework.test.context.support.DirtiesContextTestExecutionListener@416c12f6, org.springframework.test.context.transaction.TransactionalTestExecutionListener@423386ae, org.springframework.test.context.jdbc.SqlScriptsTestExecutionListener@4618d58b, org.springframework.boot.test.autoconfigure.restdocs.RestDocsTestExecutionListener@3029e192, org.springframework.boot.test.autoconfigure.web.client.MockRestServiceServerResetTestExecutionListener@11f3bec3, org.springframework.boot.test.autoconfigure.web.servlet.MockMvcPrintOnlyOnFailureTestExecutionListener@4fab4ca5, org.springframework.boot.test.autoconfigure.web.servlet.WebDriverTestExecutionListener@4f1f7c56, org.springframework.boot.test.mock.mockito.ResetMocksTestExecutionListener@30452156]
10:42:47.409 [Test worker] DEBUG org.springframework.test.annotation.ProfileValueUtils - Retrieved @ProfileValueSourceConfiguration [null] for test class [com.tavisca.testcontainersexample.controller.PersonControllerTest]
10:42:47.411 [Test worker] DEBUG org.springframework.test.annotation.ProfileValueUtils - Retrieved ProfileValueSource type [class org.springframework.test.annotation.SystemProfileValueSource] for class [com.tavisca.testcontainersexample.controller.PersonControllerTest]
10:42:47.414 [Test worker] DEBUG org.springframework.test.annotation.ProfileValueUtils - Retrieved @ProfileValueSourceConfiguration [null] for test class [com.tavisca.testcontainersexample.controller.PersonControllerTest]
10:42:47.415 [Test worker] DEBUG org.springframework.test.annotation.ProfileValueUtils - Retrieved ProfileValueSource type [class org.springframework.test.annotation.SystemProfileValueSource] for class [com.tavisca.testcontainersexample.controller.PersonControllerTest]
10:42:47.479 [Test worker] DEBUG org.testcontainers.utility.TestcontainersConfiguration - Testcontainers configuration overrides will be loaded from file:/C:/Users/sraj/.testcontainers.properties
10:42:47.485 [Test worker] DEBUG org.testcontainers.utility.TestcontainersConfiguration - Testcontainers configuration overrides loaded from TestcontainersConfiguration(properties={docker.client.strategy=org.testcontainers.dockerclient.NpipeSocketClientProviderStrategy})
10:42:47.544 [Test worker] INFO org.testcontainers.dockerclient.DockerClientProviderStrategy - Loaded org.testcontainers.dockerclient.NpipeSocketClientProviderStrategy from ~/.testcontainers.properties, will try it first
10:42:47.678 [Test worker] INFO org.testcontainers.dockerclient.DockerClientProviderStrategy - Will use 'okhttp' transport
10:42:48.139 [ducttape-0] DEBUG org.testcontainers.dockerclient.DockerClientProviderStrategy - Pinging docker daemon...
10:42:48.624 [ducttape-0] DEBUG com.github.dockerjava.core.command.AbstrDockerCmd - Cmd: org.testcontainers.dockerclient.transport.okhttp.OkHttpDockerCmdExecFactory$1@6b631c97
10:42:48.776 [Test worker] INFO org.testcontainers.dockerclient.NpipeSocketClientProviderStrategy - Accessing docker with local Npipe socket (npipe:////./pipe/docker_engine)
10:42:48.777 [Test worker] INFO org.testcontainers.dockerclient.DockerClientProviderStrategy - Found Docker environment with local Npipe socket (npipe:////./pipe/docker_engine)
10:42:48.783 [Test worker] INFO org.testcontainers.DockerClientFactory - Docker host IP address is localhost
10:42:48.791 [Test worker] DEBUG com.github.dockerjava.core.command.AbstrDockerCmd - Cmd: com.github.dockerjava.core.exec.InfoCmdExec@270ca585
10:42:49.154 [Test worker] DEBUG com.github.dockerjava.core.command.AbstrDockerCmd - Cmd: com.github.dockerjava.core.exec.VersionCmdExec@70c18087
10:42:49.184 [Test worker] INFO org.testcontainers.DockerClientFactory - Connected to docker: 
  Server Version: 19.03.5
  API Version: 1.40
  Operating System: Docker Desktop
  Total Memory: 1980 MB
10:42:49.196 [Test worker] DEBUG com.github.dockerjava.core.command.AbstrDockerCmd - Cmd: ListImagesCmdImpl[imageNameFilter=quay.io/testcontainers/ryuk:0.2.2,showAll=false,filters=com.github.dockerjava.core.util.FiltersBuilder@0,execution=com.github.dockerjava.core.exec.ListImagesCmdExec@744f0445]
10:42:49.360 [Test worker] DEBUG org.testcontainers.utility.RegistryAuthLocator - Looking up auth config for image: quay.io/testcontainers/ryuk:0.2.2
10:42:49.361 [Test worker] DEBUG org.testcontainers.utility.RegistryAuthLocator - RegistryAuthLocator has configFile: C:\Users\sraj\.docker\config.json (exists) and commandPathPrefix: 
10:42:49.374 [Test worker] DEBUG org.testcontainers.utility.RegistryAuthLocator - registryName [quay.io] for dockerImageName [quay.io/testcontainers/ryuk:0.2.2]
10:42:49.376 [Test worker] DEBUG org.testcontainers.utility.RegistryAuthLocator - Executing docker credential provider: docker-credential-desktop to locate auth config for: quay.io
10:42:49.406 [Test worker] DEBUG org.testcontainers.shaded.org.zeroturnaround.exec.ProcessExecutor - Executing [docker-credential-desktop, get].
10:42:49.487 [Test worker] DEBUG org.testcontainers.shaded.org.zeroturnaround.exec.ProcessExecutor - Started Process[pid=2648, exitValue="not exited"]
10:42:49.958 [WaitForProcess-Process[pid=2648, exitValue="not exited"]] DEBUG org.testcontainers.shaded.org.zeroturnaround.exec.WaitForProcess - Process[pid=2648, exitValue=1] stopped with exit code 1
10:42:49.966 [Test worker] DEBUG org.testcontainers.shaded.org.zeroturnaround.exec.ProcessExecutor - Executing [docker-credential-desktop, get].
10:42:50.036 [Test worker] DEBUG org.testcontainers.shaded.org.zeroturnaround.exec.ProcessExecutor - Started Process[pid=6800, exitValue="not exited"]
10:42:50.507 [WaitForProcess-Process[pid=6800, exitValue="not exited"]] DEBUG org.testcontainers.shaded.org.zeroturnaround.exec.WaitForProcess - Process[pid=6800, exitValue=1] stopped with exit code 1
10:42:50.510 [Test worker] DEBUG org.testcontainers.utility.RegistryAuthLocator - Got credentials not found error message from docker credential helper - credentials not found in native keychain
10:42:50.511 [Test worker] INFO org.testcontainers.utility.RegistryAuthLocator - Credentials not found for host (quay.io) when using credential helper/store (docker-credential-desktop)
10:42:50.513 [Test worker] DEBUG org.testcontainers.utility.RegistryAuthLocator - no matching Auth Configs - falling back to defaultAuthConfig [null]
10:42:50.514 [Test worker] DEBUG org.testcontainers.dockerclient.auth.AuthDelegatingDockerClientConfig - Effective auth config [null]
10:42:50.559 [Test worker] DEBUG com.github.dockerjava.core.command.AbstrDockerCmd - Cmd: com.github.dockerjava.core.command.CreateContainerCmdImpl@172236b4[name=testcontainers-ryuk-05b290eb-5929-450c-a179-d702b063b291,hostName=<null>,domainName=<null>,user=<null>,attachStdin=<null>,attachStdout=<null>,attachStderr=<null>,portSpecs=<null>,tty=<null>,stdinOpen=<null>,stdInOnce=<null>,env=<null>,cmd=<null>,entrypoint=<null>,image=quay.io/testcontainers/ryuk:0.2.2,volumes=com.github.dockerjava.api.model.Volumes@3cda1280,workingDir=<null>,macAddress=<null>,networkDisabled=<null>,exposedPorts=com.github.dockerjava.api.model.ExposedPorts@2642a069,stopSignal=<null>,hostConfig=com.github.dockerjava.api.model.HostConfig@32b685d8[binds=com.github.dockerjava.api.model.Binds@e6cf8e1,blkioWeight=<null>,blkioWeightDevice=<null>,blkioDeviceReadBps=<null>,blkioDeviceReadIOps=<null>,blkioDeviceWriteBps=<null>,blkioDeviceWriteIOps=<null>,memorySwappiness=<null>,capAdd=<null>,capDrop=<null>,containerIDFile=<null>,cpuPeriod=<null>,cpuShares=<null>,cpuQuota=<null>,cpusetCpus=<null>,cpusetMems=<null>,devices=<null>,diskQuota=<null>,dns=<null>,dnsSearch=<null>,extraHosts=<null>,links=<null>,logConfig=<null>,lxcConf=<null>,memory=<null>,memorySwap=<null>,memoryReservation=<null>,kernelMemory=<null>,networkMode=<null>,oomKillDisable=<null>,autoRemove=true,oomScoreAdj=<null>,portBindings=<null>,privileged=false,publishAllPorts=true,readonlyRootfs=<null>,restartPolicy=<null>,ulimits=<null>,volumesFrom=<null>,pidMode=<null>,securityOpts=<null>,cgroupParent=<null>,volumeDriver=<null>,shmSize=<null>,pidsLimit=<null>,runtime=<null>,tmpFs=<null>],labels={org.testcontainers=true},networkingConfig=<null>,ipv4Address=<null>,ipv6Address=<null>,aliases=<null>,authConfig=<null>,execution=com.github.dockerjava.core.exec.CreateContainerCmdExec@87234b1]
10:42:50.928 [Test worker] DEBUG com.github.dockerjava.core.command.AbstrDockerCmd - Cmd: d0c516d34ff2cfbd20afcc35f07b555d647c6a69953258b927176913beef853f,com.github.dockerjava.core.exec.StartContainerCmdExec@411f3afa
10:42:52.739 [Test worker] DEBUG com.github.dockerjava.core.command.AbstrDockerCmd - Cmd: d0c516d34ff2cfbd20afcc35f07b555d647c6a69953258b927176913beef853f,false,com.github.dockerjava.core.exec.InspectContainerCmdExec@242aa7e5
10:42:52.741 [Test worker] DEBUG com.github.dockerjava.core.exec.InspectContainerCmdExec - GET: OkHttpWebTarget(okHttpClient=org.testcontainers.shaded.okhttp3.OkHttpClient@43ddc68e, baseUrl=http://docker.socket/, path=[/containers/d0c516d34ff2cfbd20afcc35f07b555d647c6a69953258b927176913beef853f/json], queryParams={})
10:42:52.963 [testcontainers-ryuk] DEBUG org.testcontainers.utility.ResourceReaper - Sending 'label=org.testcontainers%3Dtrue&label=org.testcontainers.sessionId%3D05b290eb-5929-450c-a179-d702b063b291' to Ryuk
10:42:52.966 [testcontainers-ryuk] DEBUG org.testcontainers.utility.ResourceReaper - Received 'ACK' from Ryuk
10:42:52.966 [Test worker] INFO org.testcontainers.DockerClientFactory - Ryuk started - will monitor and terminate Testcontainers containers on JVM exit
        ?? Checking the system...
        ? Docker version should be at least 1.6.0
10:42:52.996 [Test worker] DEBUG com.github.dockerjava.core.command.AbstrDockerCmd - Cmd: d0c516d34ff2cfbd20afcc35f07b555d647c6a69953258b927176913beef853f,<null>,true,<null>,<null>,<null>,<null>,{df,-P},com.github.dockerjava.core.exec.ExecCreateCmdExec@64dd3715
10:42:53.277 [tc-okhttp-stream-1297904017] DEBUG com.github.dockerjava.core.command.ExecStartResultCallback - STDOUT: Filesystem           1024-blocks    Used Available Capacity Mounted on
overlay               61255652   7882860  50231460  14% /
tmpfs                    65536         0     65536   0% /dev
tmpfs                  1013980         0   1013980   0% /sys/fs/cgroup
shm                      65536         0     65536   0% /dev/shm
/dev/sda1             61255652   7882860  50231460  14% /etc/resolv.conf
/dev/sda1             61255652   7882860  50231460  14% /etc/hostname
/dev/sda1             61255652   7882860  50231460  14% /etc/hosts
tmpfs                   202796       748    202048   0% /run/docker.sock
tmpfs                  1013980         0   1013980   0% /proc/acpi
tmpfs                    65536         0     65536   0% /proc/kcore
tmpfs                    65536         0     65536   0% /proc/keys
tmpfs                    65536         0     65536   0% /proc/timer_list
tmpfs                    65536         0     65536   0% /proc/sched_debug
tmpfs                  1013980         0   1013980   0% /sys/firmware
        ? Docker environment should have more than 2GB free disk space
10:42:53.411 [Test worker] DEBUG com.github.dockerjava.core.command.AbstrDockerCmd - Cmd: ListImagesCmdImpl[imageNameFilter=<null>,showAll=false,filters=com.github.dockerjava.core.util.FiltersBuilder@0,execution=com.github.dockerjava.core.exec.ListImagesCmdExec@395a0f85]
10:42:53.557 [Test worker] DEBUG docker[postgres:9.6.8] - 
+ Profiler [Rule creation - prefetch image]
|---+ Profiler [Obtaining client]
    |-- Subtotal           [Obtaining client]     0.040 milliseconds.
|-- elapsed time       [Obtaining client]     0.040 milliseconds.
|-- elapsed time     [Check local images]   123.343 milliseconds.
|-- Total        [Rule creation - prefetch image]   148.043 milliseconds.

10:42:53.562 [Test worker] DEBUG org.springframework.test.annotation.ProfileValueUtils - Retrieved @ProfileValueSourceConfiguration [null] for test class [com.tavisca.testcontainersexample.controller.PersonControllerTest]
10:42:53.563 [Test worker] DEBUG org.springframework.test.annotation.ProfileValueUtils - Retrieved ProfileValueSource type [class org.springframework.test.annotation.SystemProfileValueSource] for class [com.tavisca.testcontainersexample.controller.PersonControllerTest]
10:42:53.565 [Test worker] DEBUG docker[postgres:9.6.8] - Starting container: postgres:9.6.8
10:42:53.566 [Test worker] DEBUG docker[postgres:9.6.8] - Trying to start container: postgres:9.6.8
10:42:53.567 [Test worker] DEBUG docker[postgres:9.6.8] - Trying to start container: postgres:9.6.8 (attempt 1/1)
10:42:53.568 [Test worker] DEBUG docker[postgres:9.6.8] - Starting container: postgres:9.6.8
10:42:53.568 [Test worker] INFO docker[postgres:9.6.8] - Creating container for image: postgres:9.6.8
10:42:53.568 [Test worker] DEBUG org.testcontainers.utility.RegistryAuthLocator - Looking up auth config for image: postgres:9.6.8
10:42:53.569 [Test worker] DEBUG org.testcontainers.utility.RegistryAuthLocator - RegistryAuthLocator has configFile: C:\Users\sraj\.docker\config.json (exists) and commandPathPrefix: 
10:42:53.571 [Test worker] DEBUG org.testcontainers.utility.RegistryAuthLocator - registryName [index.docker.io] for dockerImageName [postgres:9.6.8]
10:42:53.571 [Test worker] DEBUG org.testcontainers.utility.RegistryAuthLocator - Executing docker credential provider: docker-credential-desktop to locate auth config for: index.docker.io
10:42:53.571 [Test worker] DEBUG org.testcontainers.shaded.org.zeroturnaround.exec.ProcessExecutor - Executing [docker-credential-desktop, get].
10:42:53.668 [Test worker] DEBUG org.testcontainers.shaded.org.zeroturnaround.exec.ProcessExecutor - Started Process[pid=1928, exitValue="not exited"]
10:42:54.218 [WaitForProcess-Process[pid=1928, exitValue="not exited"]] DEBUG org.testcontainers.shaded.org.zeroturnaround.exec.WaitForProcess - Process[pid=1928, exitValue=0] stopped with exit code 0
10:42:54.220 [Test worker] DEBUG org.testcontainers.utility.RegistryAuthLocator - Credential helper/store provided auth config for: index.docker.io
10:42:54.228 [Test worker] DEBUG org.testcontainers.utility.RegistryAuthLocator - found creds store auth config [AuthConfig{username=srshivamraj, password=hidden non-blank value, auth=blank, email=null, registryAddress=index.docker.io, registryToken=blank}]
10:42:54.229 [Test worker] DEBUG org.testcontainers.dockerclient.auth.AuthDelegatingDockerClientConfig - Effective auth config [AuthConfig{username=srshivamraj, password=hidden non-blank value, auth=blank, email=null, registryAddress=index.docker.io, registryToken=blank}]
10:42:54.245 [Test worker] DEBUG com.github.dockerjava.core.command.AbstrDockerCmd - Cmd: com.github.dockerjava.core.command.CreateContainerCmdImpl@52ca2398[name=<null>,hostName=<null>,domainName=<null>,user=<null>,attachStdin=<null>,attachStdout=<null>,attachStderr=<null>,portSpecs=<null>,tty=<null>,stdinOpen=<null>,stdInOnce=<null>,env={POSTGRES_USER=root,POSTGRES_PASSWORD=root,POSTGRES_DB=test-db},cmd={postgres},entrypoint=<null>,image=postgres:9.6.8,volumes=com.github.dockerjava.api.model.Volumes@6f27c23a,workingDir=<null>,macAddress=<null>,networkDisabled=<null>,exposedPorts=com.github.dockerjava.api.model.ExposedPorts@7c75e728,stopSignal=<null>,hostConfig=com.github.dockerjava.api.model.HostConfig@4e15de80[binds=com.github.dockerjava.api.model.Binds@4dc0f239,blkioWeight=<null>,blkioWeightDevice=<null>,blkioDeviceReadBps=<null>,blkioDeviceReadIOps=<null>,blkioDeviceWriteBps=<null>,blkioDeviceWriteIOps=<null>,memorySwappiness=<null>,capAdd=<null>,capDrop=<null>,containerIDFile=<null>,cpuPeriod=<null>,cpuShares=<null>,cpuQuota=<null>,cpusetCpus=<null>,cpusetMems=<null>,devices=<null>,diskQuota=<null>,dns=<null>,dnsSearch=<null>,extraHosts={},links=com.github.dockerjava.api.model.Links@1c27cfa9,logConfig=<null>,lxcConf=<null>,memory=<null>,memorySwap=<null>,memoryReservation=<null>,kernelMemory=<null>,networkMode=<null>,oomKillDisable=<null>,autoRemove=<null>,oomScoreAdj=<null>,portBindings={},privileged=<null>,publishAllPorts=true,readonlyRootfs=<null>,restartPolicy=<null>,ulimits=<null>,volumesFrom={},pidMode=<null>,securityOpts=<null>,cgroupParent=<null>,volumeDriver=<null>,shmSize=<null>,pidsLimit=<null>,runtime=<null>,tmpFs=<null>],labels={org.testcontainers=true, org.testcontainers.sessionId=05b290eb-5929-450c-a179-d702b063b291},networkingConfig=<null>,ipv4Address=<null>,ipv6Address=<null>,aliases=<null>,authConfig=AuthConfig[username=srshivamraj,password=testpass,email=<null>,registryAddress=index.docker.io,auth=<null>,registrytoken=<null>],execution=com.github.dockerjava.core.exec.CreateContainerCmdExec@2fb9111b]
10:42:54.975 [Test worker] INFO docker[postgres:9.6.8] - Starting container with ID: 3631d01f94ed78c7e03713f86292c3d8c67131e9893babc9f248b12693d2f9c5
10:42:54.976 [Test worker] DEBUG com.github.dockerjava.core.command.AbstrDockerCmd - Cmd: 3631d01f94ed78c7e03713f86292c3d8c67131e9893babc9f248b12693d2f9c5,com.github.dockerjava.core.exec.StartContainerCmdExec@3b6db130
10:42:56.607 [Test worker] INFO docker[postgres:9.6.8] - Container postgres:9.6.8 is starting: 3631d01f94ed78c7e03713f86292c3d8c67131e9893babc9f248b12693d2f9c5
10:42:56.607 [Test worker] DEBUG com.github.dockerjava.core.command.AbstrDockerCmd - Cmd: 3631d01f94ed78c7e03713f86292c3d8c67131e9893babc9f248b12693d2f9c5,false,com.github.dockerjava.core.exec.InspectContainerCmdExec@41c6a5ce
10:42:56.608 [Test worker] DEBUG com.github.dockerjava.core.exec.InspectContainerCmdExec - GET: OkHttpWebTarget(okHttpClient=org.testcontainers.shaded.okhttp3.OkHttpClient@43ddc68e, baseUrl=http://docker.socket/, path=[/containers/3631d01f94ed78c7e03713f86292c3d8c67131e9893babc9f248b12693d2f9c5/json], queryParams={})
10:42:56.633 [ducttape-0] DEBUG com.github.dockerjava.core.command.AbstrDockerCmd - Cmd: 3631d01f94ed78c7e03713f86292c3d8c67131e9893babc9f248b12693d2f9c5,false,com.github.dockerjava.core.exec.InspectContainerCmdExec@283a182e
10:42:56.637 [ducttape-0] DEBUG com.github.dockerjava.core.exec.InspectContainerCmdExec - GET: OkHttpWebTarget(okHttpClient=org.testcontainers.shaded.okhttp3.OkHttpClient@43ddc68e, baseUrl=http://docker.socket/, path=[/containers/3631d01f94ed78c7e03713f86292c3d8c67131e9893babc9f248b12693d2f9c5/json], queryParams={})
10:42:56.691 [Test worker] DEBUG org.testcontainers.containers.output.WaitingConsumer - STDOUT: The default text search configuration will be set to "english".
10:42:56.692 [Test worker] DEBUG org.testcontainers.containers.output.WaitingConsumer - STDOUT: fixing permissions on existing directory /var/lib/postgresql/data ... ok
10:42:56.693 [Test worker] DEBUG org.testcontainers.containers.output.WaitingConsumer - STDOUT: 
10:42:56.693 [Test worker] DEBUG org.testcontainers.containers.output.WaitingConsumer - STDOUT: Data page checksums are disabled.
10:42:56.694 [Test worker] DEBUG org.testcontainers.containers.output.WaitingConsumer - STDOUT: 
10:42:56.694 [Test worker] DEBUG org.testcontainers.containers.output.WaitingConsumer - STDOUT: The default database encoding has accordingly been set to "UTF8".
10:42:56.695 [Test worker] DEBUG org.testcontainers.containers.output.WaitingConsumer - STDOUT: The database cluster will be initialized with locale "en_US.utf8".
10:42:56.696 [Test worker] DEBUG org.testcontainers.containers.output.WaitingConsumer - STDOUT: 
10:42:56.696 [Test worker] DEBUG org.testcontainers.containers.output.WaitingConsumer - STDOUT: This user must also own the server process.
10:42:56.697 [Test worker] DEBUG org.testcontainers.containers.output.WaitingConsumer - STDOUT: The files belonging to this database system will be owned by user "postgres".
10:42:56.708 [Test worker] DEBUG org.testcontainers.containers.output.WaitingConsumer - STDOUT: creating subdirectories ... ok
10:42:56.724 [Test worker] DEBUG org.testcontainers.containers.output.WaitingConsumer - STDOUT: selecting default max_connections ... 100
10:42:56.763 [Test worker] DEBUG org.testcontainers.containers.output.WaitingConsumer - STDOUT: selecting dynamic shared memory implementation ... posix
10:42:56.765 [Test worker] DEBUG org.testcontainers.containers.output.WaitingConsumer - STDOUT: selecting default shared_buffers ... 128MB
10:42:57.444 [Test worker] DEBUG org.testcontainers.containers.output.WaitingConsumer - STDOUT: creating configuration files ... ok
10:42:58.413 [Test worker] DEBUG org.testcontainers.containers.output.WaitingConsumer - STDOUT: running bootstrap script ... ok
10:42:59.075 [Test worker] DEBUG org.testcontainers.containers.output.WaitingConsumer - STDOUT: performing post-bootstrap initialization ... ok
10:42:59.580 [Test worker] DEBUG org.testcontainers.containers.output.WaitingConsumer - STDOUT: syncing data to disk ... ok
10:42:59.581 [Test worker] DEBUG org.testcontainers.containers.output.WaitingConsumer - STDOUT: Success. You can now start the database server using:
10:42:59.583 [Test worker] DEBUG org.testcontainers.containers.output.WaitingConsumer - STDOUT: 
10:42:59.596 [Test worker] DEBUG org.testcontainers.containers.output.WaitingConsumer - STDERR: --auth-local and --auth-host, the next time you run initdb.
10:42:59.596 [Test worker] DEBUG org.testcontainers.containers.output.WaitingConsumer - STDERR: You can change this by editing pg_hba.conf or using the option -A, or
10:42:59.597 [Test worker] DEBUG org.testcontainers.containers.output.WaitingConsumer - STDERR: WARNING: enabling "trust" authentication for local connections
10:42:59.598 [Test worker] DEBUG org.testcontainers.containers.output.WaitingConsumer - STDERR: 
10:42:59.598 [Test worker] DEBUG org.testcontainers.containers.output.WaitingConsumer - STDOUT: 
10:42:59.598 [Test worker] DEBUG org.testcontainers.containers.output.WaitingConsumer - STDOUT:     pg_ctl -D /var/lib/postgresql/data -l logfile start
10:42:59.599 [Test worker] DEBUG org.testcontainers.containers.output.WaitingConsumer - STDOUT: 
10:42:59.687 [Test worker] DEBUG org.testcontainers.containers.output.WaitingConsumer - STDOUT: waiting for server to start....LOG:  database system was shut down at 2020-02-05 05:12:59 UTC
10:42:59.716 [Test worker] DEBUG org.testcontainers.containers.output.WaitingConsumer - STDOUT: LOG:  MultiXact member wraparound protections are now enabled
10:42:59.736 [Test worker] DEBUG org.testcontainers.containers.output.WaitingConsumer - STDOUT: LOG:  database system is ready to accept connections
10:42:59.747 [Test worker] DEBUG org.testcontainers.containers.output.WaitingConsumer - STDOUT: LOG:  autovacuum launcher started
10:43:00.646 [Test worker] DEBUG org.testcontainers.containers.output.WaitingConsumer - STDOUT: server started
10:43:00.647 [Test worker] DEBUG org.testcontainers.containers.output.WaitingConsumer - STDOUT:  done
10:43:01.327 [Test worker] DEBUG org.testcontainers.containers.output.WaitingConsumer - STDOUT: 
10:43:01.328 [Test worker] DEBUG org.testcontainers.containers.output.WaitingConsumer - STDOUT: CREATE DATABASE
10:43:01.452 [Test worker] DEBUG org.testcontainers.containers.output.WaitingConsumer - STDOUT: 
10:43:01.454 [Test worker] DEBUG org.testcontainers.containers.output.WaitingConsumer - STDOUT: /usr/local/bin/docker-entrypoint.sh: ignoring /docker-entrypoint-initdb.d/*
10:43:01.456 [Test worker] DEBUG org.testcontainers.containers.output.WaitingConsumer - STDOUT: 
10:43:01.456 [Test worker] DEBUG org.testcontainers.containers.output.WaitingConsumer - STDOUT: 
10:43:01.457 [Test worker] DEBUG org.testcontainers.containers.output.WaitingConsumer - STDOUT: CREATE ROLE
10:43:01.468 [Test worker] DEBUG org.testcontainers.containers.output.WaitingConsumer - STDOUT: .LOG:  autovacuum launcher shutting down
10:43:01.469 [Test worker] DEBUG org.testcontainers.containers.output.WaitingConsumer - STDOUT: waiting for server to shut down...LOG:  aborting any active transactions
10:43:01.471 [Test worker] DEBUG org.testcontainers.containers.output.WaitingConsumer - STDOUT: LOG:  received fast shutdown request
10:43:01.481 [Test worker] DEBUG org.testcontainers.containers.output.WaitingConsumer - STDOUT: LOG:  shutting down
10:43:01.519 [Test worker] DEBUG org.testcontainers.containers.output.WaitingConsumer - STDOUT: LOG:  database system is shut down
10:43:02.468 [Test worker] DEBUG org.testcontainers.containers.output.WaitingConsumer - STDOUT:  done
10:43:02.470 [Test worker] DEBUG org.testcontainers.containers.output.WaitingConsumer - STDOUT: server stopped
10:43:02.482 [Test worker] DEBUG org.testcontainers.containers.output.WaitingConsumer - STDOUT: 
10:43:02.483 [Test worker] DEBUG org.testcontainers.containers.output.WaitingConsumer - STDOUT: PostgreSQL init process complete; ready for start up.
10:43:02.485 [Test worker] DEBUG org.testcontainers.containers.output.WaitingConsumer - STDOUT: 
10:43:02.566 [Test worker] DEBUG org.testcontainers.containers.output.WaitingConsumer - STDERR: LOG:  database system was shut down at 2020-02-05 05:13:01 UTC
10:43:02.595 [Test worker] DEBUG org.testcontainers.containers.output.WaitingConsumer - STDERR: LOG:  MultiXact member wraparound protections are now enabled
10:43:02.606 [Test worker] DEBUG org.testcontainers.containers.output.WaitingConsumer - STDERR: LOG:  autovacuum launcher started
10:43:02.606 [Test worker] DEBUG org.testcontainers.containers.output.WaitingConsumer - STDERR: LOG:  database system is ready to accept connections
10:43:02.607 [Test worker] INFO docker[postgres:9.6.8] - Container postgres:9.6.8 started
10:43:02.608 [Test worker] DEBUG docker[postgres:9.6.8] - 
+ Profiler [Container startup]
|-- elapsed time [Prepare container configuration and host configuration]     2.521 milliseconds.
|---+ Profiler [Container startup attempt]
    |-- elapsed time       [Create container]  1407.237 milliseconds.
    |-- elapsed time        [Start container]  1631.304 milliseconds.
    |-- elapsed time   [Inspecting container]    21.861 milliseconds.
    |-- elapsed time [Call containerIsStarting on subclasses]     0.015 milliseconds.
    |-- elapsed time [Wait until container has started properly, or there's evidence it failed to start.]    25.849 milliseconds.
    |-- elapsed time [Wait until container started properly]  5952.411 milliseconds.
    |-- Subtotal     [Container startup attempt]  9039.181 milliseconds.
|-- elapsed time [Container startup attempt]  9039.181 milliseconds.
|-- Total             [Container startup]  9041.766 milliseconds.

10:43:02.629 [Test worker] DEBUG org.springframework.test.context.support.AbstractDirtiesContextTestExecutionListener - Before test class: context [DefaultTestContext@4142c9e8 testClass = PersonControllerTest, testInstance = [null], testMethod = [null], testException = [null], mergedContextConfiguration = [WebMergedContextConfiguration@214d6c80 testClass = PersonControllerTest, locations = '{}', classes = '{class com.tavisca.testcontainersexample.TestApplication}', contextInitializerClasses = '[class com.tavisca.testcontainersexample.controller.AbstractIntegrationTest$Initializer]', activeProfiles = '{}', propertySourceLocations = '{}', propertySourceProperties = '{org.springframework.boot.test.context.SpringBootTestContextBootstrapper=true}', contextCustomizers = set[org.springframework.boot.test.autoconfigure.properties.PropertyMappingContextCustomizer@0, org.springframework.boot.test.autoconfigure.web.servlet.WebDriverContextCustomizerFactory$Customizer@6edee26c, org.springframework.boot.test.context.filter.ExcludeFilterContextCustomizer@163355a7, org.springframework.boot.test.json.DuplicateJsonObjectContextCustomizerFactory$DuplicateJsonObjectContextCustomizer@2b6a9fb4, org.springframework.boot.test.mock.mockito.MockitoContextCustomizer@0, org.springframework.boot.test.web.client.TestRestTemplateContextCustomizer@28050ec4], resourceBasePath = 'src/main/webapp', contextLoader = 'org.springframework.boot.test.context.SpringBootContextLoader', parent = [null]], attributes = map['org.springframework.test.context.web.ServletTestExecutionListener.activateListener' -> true]], class annotated with @DirtiesContext [false] with mode [null].
10:43:02.633 [Test worker] DEBUG org.springframework.test.annotation.ProfileValueUtils - Retrieved @ProfileValueSourceConfiguration [null] for test class [com.tavisca.testcontainersexample.controller.PersonControllerTest]
10:43:02.634 [Test worker] DEBUG org.springframework.test.annotation.ProfileValueUtils - Retrieved ProfileValueSource type [class org.springframework.test.annotation.SystemProfileValueSource] for class [com.tavisca.testcontainersexample.controller.PersonControllerTest]
10:43:02.706 [Test worker] DEBUG org.springframework.test.context.support.TestPropertySourceUtils - Adding inlined properties to environment: {spring.jmx.enabled=false, org.springframework.boot.test.context.SpringBootTestContextBootstrapper=true, server.port=-1}

  .   ____          _            __ _ _
 /\\ / ___'_ __ _ _(_)_ __  __ _ \ \ \ \
( ( )\___ | '_ | '_| | '_ \/ _` | \ \ \ \
 \\/  ___)| |_)| | | | | || (_| |  ) ) ) )
  '  |____| .__|_| |_|_| |_\__, | / / / /
 =========|_|==============|___/=/_/_/_/
 :: Spring Boot ::        (v2.1.0.RELEASE)

2020-02-05 10:43:04.581  INFO 13356 --- [    Test worker] c.t.t.controller.PersonControllerTest    : Starting PersonControllerTest on RENTLAPT0012 with PID 13356 (started by sraj in C:\Users\sraj\Desktop\REPOS\poc-with-testcontainers)
2020-02-05 10:43:04.590  INFO 13356 --- [    Test worker] c.t.t.controller.PersonControllerTest    : No active profile set, falling back to default profiles: default
2020-02-05 10:43:07.188  INFO 13356 --- [    Test worker] .s.d.r.c.RepositoryConfigurationDelegate : Bootstrapping Spring Data repositories in DEFAULT mode.
2020-02-05 10:43:07.462  INFO 13356 --- [    Test worker] .s.d.r.c.RepositoryConfigurationDelegate : Finished Spring Data repository scanning in 250ms. Found 1 repository interfaces.
2020-02-05 10:43:08.815  INFO 13356 --- [    Test worker] trationDelegate$BeanPostProcessorChecker : Bean 'org.springframework.transaction.annotation.ProxyTransactionManagementConfiguration' of type [org.springframework.transaction.annotation.ProxyTransactionManagementConfiguration$$EnhancerBySpringCGLIB$$b8a8aaf3] is not eligible for getting processed by all BeanPostProcessors (for example: not eligible for auto-proxying)
2020-02-05 10:43:09.377  INFO 13356 --- [    Test worker] com.zaxxer.hikari.HikariDataSource       : HikariPool-1 - Starting...
2020-02-05 10:43:09.694  INFO 13356 --- [    Test worker] com.zaxxer.hikari.HikariDataSource       : HikariPool-1 - Start completed.
2020-02-05 10:43:12.577  INFO 13356 --- [    Test worker] liquibase.executor.jvm.JdbcExecutor      : SELECT COUNT(*) FROM public.databasechangeloglock
2020-02-05 10:43:12.660  INFO 13356 --- [    Test worker] liquibase.executor.jvm.JdbcExecutor      : CREATE TABLE public.databasechangeloglock (ID INTEGER NOT NULL, LOCKED BOOLEAN NOT NULL, LOCKGRANTED TIMESTAMP WITHOUT TIME ZONE, LOCKEDBY VARCHAR(255), CONSTRAINT DATABASECHANGELOGLOCK_PKEY PRIMARY KEY (ID))
2020-02-05 10:43:12.783  INFO 13356 --- [    Test worker] liquibase.executor.jvm.JdbcExecutor      : SELECT COUNT(*) FROM public.databasechangeloglock
2020-02-05 10:43:12.792  INFO 13356 --- [    Test worker] liquibase.executor.jvm.JdbcExecutor      : DELETE FROM public.databasechangeloglock
2020-02-05 10:43:12.799  INFO 13356 --- [    Test worker] liquibase.executor.jvm.JdbcExecutor      : INSERT INTO public.databasechangeloglock (ID, LOCKED) VALUES (1, FALSE)
2020-02-05 10:43:12.811  INFO 13356 --- [    Test worker] liquibase.executor.jvm.JdbcExecutor      : SELECT LOCKED FROM public.databasechangeloglock WHERE ID=1
2020-02-05 10:43:12.838  INFO 13356 --- [    Test worker] l.lockservice.StandardLockService        : Successfully acquired change log lock
2020-02-05 10:43:14.612  INFO 13356 --- [    Test worker] l.c.StandardChangeLogHistoryService      : Creating database history table with name: public.databasechangelog
2020-02-05 10:43:14.615  INFO 13356 --- [    Test worker] liquibase.executor.jvm.JdbcExecutor      : CREATE TABLE public.databasechangelog (ID VARCHAR(255) NOT NULL, AUTHOR VARCHAR(255) NOT NULL, FILENAME VARCHAR(255) NOT NULL, DATEEXECUTED TIMESTAMP WITHOUT TIME ZONE NOT NULL, ORDEREXECUTED INTEGER NOT NULL, EXECTYPE VARCHAR(10) NOT NULL, MD5SUM VARCHAR(35), DESCRIPTION VARCHAR(255), COMMENTS VARCHAR(255), TAG VARCHAR(255), LIQUIBASE VARCHAR(20), CONTEXTS VARCHAR(255), LABELS VARCHAR(255), DEPLOYMENT_ID VARCHAR(10))
2020-02-05 10:43:14.746  INFO 13356 --- [    Test worker] liquibase.executor.jvm.JdbcExecutor      : SELECT COUNT(*) FROM public.databasechangelog
2020-02-05 10:43:14.751  INFO 13356 --- [    Test worker] l.c.StandardChangeLogHistoryService      : Reading from public.databasechangelog
2020-02-05 10:43:14.752  INFO 13356 --- [    Test worker] liquibase.executor.jvm.JdbcExecutor      : SELECT * FROM public.databasechangelog ORDER BY DATEEXECUTED ASC, ORDEREXECUTED ASC
2020-02-05 10:43:14.762  INFO 13356 --- [    Test worker] liquibase.executor.jvm.JdbcExecutor      : SELECT COUNT(*) FROM public.databasechangeloglock
2020-02-05 10:43:14.784  INFO 13356 --- [    Test worker] liquibase.executor.jvm.JdbcExecutor      : CREATE TABLE public.person (id VARCHAR(255) NOT NULL, name VARCHAR(255), CONSTRAINT PERSON_PKEY PRIMARY KEY (id))
2020-02-05 10:43:14.807  INFO 13356 --- [    Test worker] liquibase.changelog.ChangeSet            : Table person created
2020-02-05 10:43:14.821  INFO 13356 --- [    Test worker] liquibase.changelog.ChangeSet            : ChangeSet classpath:/db/changelog/db.changelog-master.yaml::1::sraj ran successfully in 39ms
2020-02-05 10:43:14.822  INFO 13356 --- [    Test worker] liquibase.executor.jvm.JdbcExecutor      : SELECT MAX(ORDEREXECUTED) FROM public.databasechangelog
2020-02-05 10:43:14.839  INFO 13356 --- [    Test worker] liquibase.executor.jvm.JdbcExecutor      : INSERT INTO public.databasechangelog (ID, AUTHOR, FILENAME, DATEEXECUTED, ORDEREXECUTED, MD5SUM, DESCRIPTION, COMMENTS, EXECTYPE, CONTEXTS, LABELS, LIQUIBASE, DEPLOYMENT_ID) VALUES ('1', 'sraj', 'classpath:/db/changelog/db.changelog-master.yaml', NOW(), 1, '8:b553fe8a068d755cb2354f3bd7741111', 'createTable tableName=person', '', 'EXECUTED', NULL, NULL, '3.6.2', '0879594766')
2020-02-05 10:43:14.863  INFO 13356 --- [    Test worker] l.lockservice.StandardLockService        : Successfully released change log lock
2020-02-05 10:43:15.522  INFO 13356 --- [    Test worker] o.hibernate.jpa.internal.util.LogHelper  : HHH000204: Processing PersistenceUnitInfo [
	name: default
	...]
2020-02-05 10:43:15.852  INFO 13356 --- [    Test worker] org.hibernate.Version                    : HHH000412: Hibernate Core {5.3.7.Final}
2020-02-05 10:43:15.859  INFO 13356 --- [    Test worker] org.hibernate.cfg.Environment            : HHH000206: hibernate.properties not found
2020-02-05 10:43:16.539  INFO 13356 --- [    Test worker] o.hibernate.annotations.common.Version   : HCANN000001: Hibernate Commons Annotations {5.0.4.Final}
2020-02-05 10:43:17.170  INFO 13356 --- [    Test worker] org.hibernate.dialect.Dialect            : HHH000400: Using dialect: org.hibernate.dialect.PostgreSQLDialect
2020-02-05 10:43:17.956  INFO 13356 --- [    Test worker] o.h.e.j.e.i.LobCreatorBuilderImpl        : HHH000424: Disabling contextual LOB creation as createClob() method threw error : java.lang.reflect.InvocationTargetException

java.lang.reflect.InvocationTargetException: null
	at java.base/jdk.internal.reflect.NativeMethodAccessorImpl.invoke0(Native Method) ~[na:na]
	at java.base/jdk.internal.reflect.NativeMethodAccessorImpl.invoke(NativeMethodAccessorImpl.java:62) ~[na:na]
	at java.base/jdk.internal.reflect.DelegatingMethodAccessorImpl.invoke(DelegatingMethodAccessorImpl.java:43) ~[na:na]
	at java.base/java.lang.reflect.Method.invoke(Method.java:566) ~[na:na]
	at org.hibernate.engine.jdbc.env.internal.LobCreatorBuilderImpl.useContextualLobCreation(LobCreatorBuilderImpl.java:113) ~[hibernate-core-5.3.7.Final.jar:5.3.7.Final]
	at org.hibernate.engine.jdbc.env.internal.LobCreatorBuilderImpl.makeLobCreatorBuilder(LobCreatorBuilderImpl.java:54) ~[hibernate-core-5.3.7.Final.jar:5.3.7.Final]
	at org.hibernate.engine.jdbc.env.internal.JdbcEnvironmentImpl.<init>(JdbcEnvironmentImpl.java:271) ~[hibernate-core-5.3.7.Final.jar:5.3.7.Final]
	at org.hibernate.engine.jdbc.env.internal.JdbcEnvironmentInitiator.initiateService(JdbcEnvironmentInitiator.java:114) ~[hibernate-core-5.3.7.Final.jar:5.3.7.Final]
	at org.hibernate.engine.jdbc.env.internal.JdbcEnvironmentInitiator.initiateService(JdbcEnvironmentInitiator.java:35) ~[hibernate-core-5.3.7.Final.jar:5.3.7.Final]
	at org.hibernate.boot.registry.internal.StandardServiceRegistryImpl.initiateService(StandardServiceRegistryImpl.java:94) ~[hibernate-core-5.3.7.Final.jar:5.3.7.Final]
	at org.hibernate.service.internal.AbstractServiceRegistryImpl.createService(AbstractServiceRegistryImpl.java:263) ~[hibernate-core-5.3.7.Final.jar:5.3.7.Final]
	at org.hibernate.service.internal.AbstractServiceRegistryImpl.initializeService(AbstractServiceRegistryImpl.java:237) ~[hibernate-core-5.3.7.Final.jar:5.3.7.Final]
	at org.hibernate.service.internal.AbstractServiceRegistryImpl.getService(AbstractServiceRegistryImpl.java:214) ~[hibernate-core-5.3.7.Final.jar:5.3.7.Final]
	at org.hibernate.id.factory.internal.DefaultIdentifierGeneratorFactory.injectServices(DefaultIdentifierGeneratorFactory.java:152) ~[hibernate-core-5.3.7.Final.jar:5.3.7.Final]
	at org.hibernate.service.internal.AbstractServiceRegistryImpl.injectDependencies(AbstractServiceRegistryImpl.java:286) ~[hibernate-core-5.3.7.Final.jar:5.3.7.Final]
	at org.hibernate.service.internal.AbstractServiceRegistryImpl.initializeService(AbstractServiceRegistryImpl.java:243) ~[hibernate-core-5.3.7.Final.jar:5.3.7.Final]
	at org.hibernate.service.internal.AbstractServiceRegistryImpl.getService(AbstractServiceRegistryImpl.java:214) ~[hibernate-core-5.3.7.Final.jar:5.3.7.Final]
	at org.hibernate.boot.internal.InFlightMetadataCollectorImpl.<init>(InFlightMetadataCollectorImpl.java:179) ~[hibernate-core-5.3.7.Final.jar:5.3.7.Final]
	at org.hibernate.boot.model.process.spi.MetadataBuildingProcess.complete(MetadataBuildingProcess.java:119) ~[hibernate-core-5.3.7.Final.jar:5.3.7.Final]
	at org.hibernate.jpa.boot.internal.EntityManagerFactoryBuilderImpl.metadata(EntityManagerFactoryBuilderImpl.java:904) ~[hibernate-core-5.3.7.Final.jar:5.3.7.Final]
	at org.hibernate.jpa.boot.internal.EntityManagerFactoryBuilderImpl.build(EntityManagerFactoryBuilderImpl.java:935) ~[hibernate-core-5.3.7.Final.jar:5.3.7.Final]
	at org.springframework.orm.jpa.vendor.SpringHibernateJpaPersistenceProvider.createContainerEntityManagerFactory(SpringHibernateJpaPersistenceProvider.java:57) ~[spring-orm-5.1.2.RELEASE.jar:5.1.2.RELEASE]
	at org.springframework.orm.jpa.LocalContainerEntityManagerFactoryBean.createNativeEntityManagerFactory(LocalContainerEntityManagerFactoryBean.java:365) ~[spring-orm-5.1.2.RELEASE.jar:5.1.2.RELEASE]
	at org.springframework.orm.jpa.AbstractEntityManagerFactoryBean.buildNativeEntityManagerFactory(AbstractEntityManagerFactoryBean.java:390) ~[spring-orm-5.1.2.RELEASE.jar:5.1.2.RELEASE]
	at org.springframework.orm.jpa.AbstractEntityManagerFactoryBean.afterPropertiesSet(AbstractEntityManagerFactoryBean.java:377) ~[spring-orm-5.1.2.RELEASE.jar:5.1.2.RELEASE]
	at org.springframework.orm.jpa.LocalContainerEntityManagerFactoryBean.afterPropertiesSet(LocalContainerEntityManagerFactoryBean.java:341) ~[spring-orm-5.1.2.RELEASE.jar:5.1.2.RELEASE]
	at org.springframework.beans.factory.support.AbstractAutowireCapableBeanFactory.invokeInitMethods(AbstractAutowireCapableBeanFactory.java:1804) ~[spring-beans-5.1.2.RELEASE.jar:5.1.2.RELEASE]
	at org.springframework.beans.factory.support.AbstractAutowireCapableBeanFactory.initializeBean(AbstractAutowireCapableBeanFactory.java:1741) ~[spring-beans-5.1.2.RELEASE.jar:5.1.2.RELEASE]
	at org.springframework.beans.factory.support.AbstractAutowireCapableBeanFactory.doCreateBean(AbstractAutowireCapableBeanFactory.java:576) ~[spring-beans-5.1.2.RELEASE.jar:5.1.2.RELEASE]
	at org.springframework.beans.factory.support.AbstractAutowireCapableBeanFactory.createBean(AbstractAutowireCapableBeanFactory.java:498) ~[spring-beans-5.1.2.RELEASE.jar:5.1.2.RELEASE]
	at org.springframework.beans.factory.support.AbstractBeanFactory.lambda$doGetBean$0(AbstractBeanFactory.java:320) ~[spring-beans-5.1.2.RELEASE.jar:5.1.2.RELEASE]
	at org.springframework.beans.factory.support.DefaultSingletonBeanRegistry.getSingleton(DefaultSingletonBeanRegistry.java:222) ~[spring-beans-5.1.2.RELEASE.jar:5.1.2.RELEASE]
	at org.springframework.beans.factory.support.AbstractBeanFactory.doGetBean(AbstractBeanFactory.java:318) ~[spring-beans-5.1.2.RELEASE.jar:5.1.2.RELEASE]
	at org.springframework.beans.factory.support.AbstractBeanFactory.getBean(AbstractBeanFactory.java:199) ~[spring-beans-5.1.2.RELEASE.jar:5.1.2.RELEASE]
	at org.springframework.context.support.AbstractApplicationContext.getBean(AbstractApplicationContext.java:1083) ~[spring-context-5.1.2.RELEASE.jar:5.1.2.RELEASE]
	at org.springframework.context.support.AbstractApplicationContext.finishBeanFactoryInitialization(AbstractApplicationContext.java:853) ~[spring-context-5.1.2.RELEASE.jar:5.1.2.RELEASE]
	at org.springframework.context.support.AbstractApplicationContext.refresh(AbstractApplicationContext.java:546) ~[spring-context-5.1.2.RELEASE.jar:5.1.2.RELEASE]
	at org.springframework.boot.SpringApplication.refresh(SpringApplication.java:775) ~[spring-boot-2.1.0.RELEASE.jar:2.1.0.RELEASE]
	at org.springframework.boot.SpringApplication.refreshContext(SpringApplication.java:397) ~[spring-boot-2.1.0.RELEASE.jar:2.1.0.RELEASE]
	at org.springframework.boot.SpringApplication.run(SpringApplication.java:316) ~[spring-boot-2.1.0.RELEASE.jar:2.1.0.RELEASE]
	at org.springframework.boot.test.context.SpringBootContextLoader.loadContext(SpringBootContextLoader.java:127) ~[spring-boot-test-2.1.0.RELEASE.jar:2.1.0.RELEASE]
	at org.springframework.test.context.cache.DefaultCacheAwareContextLoaderDelegate.loadContextInternal(DefaultCacheAwareContextLoaderDelegate.java:99) ~[spring-test-5.1.2.RELEASE.jar:5.1.2.RELEASE]
	at org.springframework.test.context.cache.DefaultCacheAwareContextLoaderDelegate.loadContext(DefaultCacheAwareContextLoaderDelegate.java:117) ~[spring-test-5.1.2.RELEASE.jar:5.1.2.RELEASE]
	at org.springframework.test.context.support.DefaultTestContext.getApplicationContext(DefaultTestContext.java:108) ~[spring-test-5.1.2.RELEASE.jar:5.1.2.RELEASE]
	at org.springframework.test.context.web.ServletTestExecutionListener.setUpRequestContextIfNecessary(ServletTestExecutionListener.java:190) ~[spring-test-5.1.2.RELEASE.jar:5.1.2.RELEASE]
	at org.springframework.test.context.web.ServletTestExecutionListener.prepareTestInstance(ServletTestExecutionListener.java:132) ~[spring-test-5.1.2.RELEASE.jar:5.1.2.RELEASE]
	at org.springframework.test.context.TestContextManager.prepareTestInstance(TestContextManager.java:246) ~[spring-test-5.1.2.RELEASE.jar:5.1.2.RELEASE]
	at org.springframework.test.context.junit4.SpringJUnit4ClassRunner.createTest(SpringJUnit4ClassRunner.java:227) ~[spring-test-5.1.2.RELEASE.jar:5.1.2.RELEASE]
	at org.springframework.test.context.junit4.SpringJUnit4ClassRunner$1.runReflectiveCall(SpringJUnit4ClassRunner.java:289) ~[spring-test-5.1.2.RELEASE.jar:5.1.2.RELEASE]
	at org.junit.internal.runners.model.ReflectiveCallable.run(ReflectiveCallable.java:12) ~[junit-4.12.jar:4.12]
	at org.springframework.test.context.junit4.SpringJUnit4ClassRunner.methodBlock(SpringJUnit4ClassRunner.java:291) ~[spring-test-5.1.2.RELEASE.jar:5.1.2.RELEASE]
	at org.springframework.test.context.junit4.SpringJUnit4ClassRunner.runChild(SpringJUnit4ClassRunner.java:246) ~[spring-test-5.1.2.RELEASE.jar:5.1.2.RELEASE]
	at org.springframework.test.context.junit4.SpringJUnit4ClassRunner.runChild(SpringJUnit4ClassRunner.java:97) ~[spring-test-5.1.2.RELEASE.jar:5.1.2.RELEASE]
	at org.junit.runners.ParentRunner$3.run(ParentRunner.java:290) ~[junit-4.12.jar:4.12]
	at org.junit.runners.ParentRunner$1.schedule(ParentRunner.java:71) ~[junit-4.12.jar:4.12]
	at org.junit.runners.ParentRunner.runChildren(ParentRunner.java:288) ~[junit-4.12.jar:4.12]
	at org.junit.runners.ParentRunner.access$000(ParentRunner.java:58) ~[junit-4.12.jar:4.12]
	at org.junit.runners.ParentRunner$2.evaluate(ParentRunner.java:268) ~[junit-4.12.jar:4.12]
	at org.springframework.test.context.junit4.statements.RunBeforeTestClassCallbacks.evaluate(RunBeforeTestClassCallbacks.java:61) ~[spring-test-5.1.2.RELEASE.jar:5.1.2.RELEASE]
	at org.springframework.test.context.junit4.statements.RunAfterTestClassCallbacks.evaluate(RunAfterTestClassCallbacks.java:70) ~[spring-test-5.1.2.RELEASE.jar:5.1.2.RELEASE]
	at org.testcontainers.containers.FailureDetectingExternalResource$1.evaluate(FailureDetectingExternalResource.java:30) ~[testcontainers-1.10.1.jar:na]
	at org.junit.rules.RunRules.evaluate(RunRules.java:20) ~[junit-4.12.jar:4.12]
	at org.junit.runners.ParentRunner.run(ParentRunner.java:363) ~[junit-4.12.jar:4.12]
	at org.springframework.test.context.junit4.SpringJUnit4ClassRunner.run(SpringJUnit4ClassRunner.java:190) ~[spring-test-5.1.2.RELEASE.jar:5.1.2.RELEASE]
	at org.gradle.api.internal.tasks.testing.junit.JUnitTestClassExecutor.runTestClass(JUnitTestClassExecutor.java:106) ~[na:na]
	at org.gradle.api.internal.tasks.testing.junit.JUnitTestClassExecutor.execute(JUnitTestClassExecutor.java:58) ~[na:na]
	at org.gradle.api.internal.tasks.testing.junit.JUnitTestClassExecutor.execute(JUnitTestClassExecutor.java:38) ~[na:na]
	at org.gradle.api.internal.tasks.testing.junit.AbstractJUnitTestClassProcessor.processTestClass(AbstractJUnitTestClassProcessor.java:66) ~[na:na]
	at org.gradle.api.internal.tasks.testing.SuiteTestClassProcessor.processTestClass(SuiteTestClassProcessor.java:51) ~[na:na]
	at java.base/jdk.internal.reflect.NativeMethodAccessorImpl.invoke0(Native Method) ~[na:na]
	at java.base/jdk.internal.reflect.NativeMethodAccessorImpl.invoke(NativeMethodAccessorImpl.java:62) ~[na:na]
	at java.base/jdk.internal.reflect.DelegatingMethodAccessorImpl.invoke(DelegatingMethodAccessorImpl.java:43) ~[na:na]
	at java.base/java.lang.reflect.Method.invoke(Method.java:566) ~[na:na]
	at org.gradle.internal.dispatch.ReflectionDispatch.dispatch(ReflectionDispatch.java:35) ~[na:na]
	at org.gradle.internal.dispatch.ReflectionDispatch.dispatch(ReflectionDispatch.java:24) ~[na:na]
	at org.gradle.internal.dispatch.ContextClassLoaderDispatch.dispatch(ContextClassLoaderDispatch.java:32) ~[na:na]
	at org.gradle.internal.dispatch.ProxyDispatchAdapter$DispatchingInvocationHandler.invoke(ProxyDispatchAdapter.java:93) ~[na:na]
	at com.sun.proxy.$Proxy1.processTestClass(Unknown Source) ~[na:na]
	at org.gradle.api.internal.tasks.testing.worker.TestWorker.processTestClass(TestWorker.java:109) ~[na:na]
	at java.base/jdk.internal.reflect.NativeMethodAccessorImpl.invoke0(Native Method) ~[na:na]
	at java.base/jdk.internal.reflect.NativeMethodAccessorImpl.invoke(NativeMethodAccessorImpl.java:62) ~[na:na]
	at java.base/jdk.internal.reflect.DelegatingMethodAccessorImpl.invoke(DelegatingMethodAccessorImpl.java:43) ~[na:na]
	at java.base/java.lang.reflect.Method.invoke(Method.java:566) ~[na:na]
	at org.gradle.internal.dispatch.ReflectionDispatch.dispatch(ReflectionDispatch.java:35) ~[na:na]
	at org.gradle.internal.dispatch.ReflectionDispatch.dispatch(ReflectionDispatch.java:24) ~[na:na]
	at org.gradle.internal.remote.internal.hub.MessageHubBackedObjectConnection$DispatchWrapper.dispatch(MessageHubBackedObjectConnection.java:155) ~[na:na]
	at org.gradle.internal.remote.internal.hub.MessageHubBackedObjectConnection$DispatchWrapper.dispatch(MessageHubBackedObjectConnection.java:137) ~[na:na]
	at org.gradle.internal.remote.internal.hub.MessageHub$Handler.run(MessageHub.java:404) ~[na:na]
	at org.gradle.internal.concurrent.ExecutorPolicy$CatchAndRecordFailures.onExecute(ExecutorPolicy.java:63) ~[na:na]
	at org.gradle.internal.concurrent.ManagedExecutorImpl$1.run(ManagedExecutorImpl.java:46) ~[na:na]
	at java.base/java.util.concurrent.ThreadPoolExecutor.runWorker(ThreadPoolExecutor.java:1128) ~[na:na]
	at java.base/java.util.concurrent.ThreadPoolExecutor$Worker.run(ThreadPoolExecutor.java:628) ~[na:na]
	at org.gradle.internal.concurrent.ThreadFactoryImpl$ManagedThreadRunnable.run(ThreadFactoryImpl.java:55) ~[na:na]
	at java.base/java.lang.Thread.run(Thread.java:834) ~[na:na]
Caused by: java.sql.SQLFeatureNotSupportedException: Method org.postgresql.jdbc.PgConnection.createClob() is not yet implemented.
	at org.postgresql.Driver.notImplemented(Driver.java:688) ~[postgresql-42.2.5.jar:42.2.5]
	at org.postgresql.jdbc.PgConnection.createClob(PgConnection.java:1269) ~[postgresql-42.2.5.jar:42.2.5]
	... 94 common frames omitted

2020-02-05 10:43:18.014  INFO 13356 --- [    Test worker] org.hibernate.type.BasicTypeRegistry     : HHH000270: Type registration [java.util.UUID] overrides previous : org.hibernate.type.UUIDBinaryType@2de05529
2020-02-05 10:43:18.617  WARN 13356 --- [    Test worker] org.hibernate.id.UUIDHexGenerator        : HHH000409: Using org.hibernate.id.UUIDHexGenerator which does not generate IETF RFC 4122 compliant UUID values; consider using org.hibernate.id.UUIDGenerator instead
2020-02-05 10:43:20.027  INFO 13356 --- [    Test worker] j.LocalContainerEntityManagerFactoryBean : Initialized JPA EntityManagerFactory for persistence unit 'default'
2020-02-05 10:43:23.310  INFO 13356 --- [    Test worker] o.s.s.concurrent.ThreadPoolTaskExecutor  : Initializing ExecutorService 'applicationTaskExecutor'
2020-02-05 10:43:23.513  WARN 13356 --- [    Test worker] aWebConfiguration$JpaWebMvcConfiguration : spring.jpa.open-in-view is enabled by default. Therefore, database queries may be performed during view rendering. Explicitly configure spring.jpa.open-in-view to disable this warning
2020-02-05 10:43:25.006  INFO 13356 --- [    Test worker] c.t.t.controller.PersonControllerTest    : Started PersonControllerTest in 22.252 seconds (JVM running for 42.925)
2020-02-05 10:43:25.419  INFO 13356 --- [    Test worker] o.s.b.t.m.w.SpringBootMockServletContext : Initializing Spring TestDispatcherServlet ''
2020-02-05 10:43:25.420  INFO 13356 --- [    Test worker] o.s.t.web.servlet.TestDispatcherServlet  : Initializing Servlet ''
2020-02-05 10:43:25.465  INFO 13356 --- [    Test worker] o.s.t.web.servlet.TestDispatcherServlet  : Completed initialization in 45 ms
Person{id='02ea527f-51fa-49dc-aa06-f6119cf1492d', name='{"name": "Shivam"}'}2020-02-05 10:43:25.918  INFO 13356 --- [    Test worker] o.h.h.i.QueryTranslatorFactoryInitiator  : HHH000397: Using ASTQueryTranslatorFactory
]]></system-out>
  <system-err><![CDATA[]]></system-err>
</testsuite>
