<!DOCTYPE html>
<html>
<head>
<meta http-equiv="Content-Type" content="text/html; charset=utf-8"/>
<meta http-equiv="x-ua-compatible" content="IE=edge"/>
<title>Test results - Class com.tavisca.testcontainersexample.controller.PersonControllerTest</title>
<link href="../css/base-style.css" rel="stylesheet" type="text/css"/>
<link href="../css/style.css" rel="stylesheet" type="text/css"/>
<script src="../js/report.js" type="text/javascript"></script>
</head>
<body>
<div id="content">
<h1>Class com.tavisca.testcontainersexample.controller.PersonControllerTest</h1>
<div class="breadcrumbs">
<a href="../index.html">all</a> &gt; 
<a href="../packages/com.tavisca.testcontainersexample.controller.html">com.tavisca.testcontainersexample.controller</a> &gt; PersonControllerTest</div>
<div id="summary">
<table>
<tr>
<td>
<div class="summaryGroup">
<table>
<tr>
<td>
<div class="infoBox" id="tests">
<div class="counter">1</div>
<p>tests</p>
</div>
</td>
<td>
<div class="infoBox" id="failures">
<div class="counter">0</div>
<p>failures</p>
</div>
</td>
<td>
<div class="infoBox" id="ignored">
<div class="counter">0</div>
<p>ignored</p>
</div>
</td>
<td>
<div class="infoBox" id="duration">
<div class="counter">2.235s</div>
<p>duration</p>
</div>
</td>
</tr>
</table>
</div>
</td>
<td>
<div class="infoBox success" id="successRate">
<div class="percent">100%</div>
<p>successful</p>
</div>
</td>
</tr>
</table>
</div>
<div id="tabs">
<ul class="tabLinks">
<li>
<a href="#tab0">Tests</a>
</li>
<li>
<a href="#tab1">Standard output</a>
</li>
</ul>
<div id="tab0" class="tab">
<h2>Tests</h2>
<table>
<thead>
<tr>
<th>Test</th>
<th>Duration</th>
<th>Result</th>
</tr>
</thead>
<tr>
<td class="success">testSpringBootContext</td>
<td class="success">2.235s</td>
<td class="success">passed</td>
</tr>
</table>
</div>
<div id="tab1" class="tab">
<h2>Standard output</h2>
<span class="code">
<pre>09:18:07.531 [Test worker] DEBUG org.springframework.test.context.junit4.SpringJUnit4ClassRunner - SpringJUnit4ClassRunner constructor called with [class com.tavisca.testcontainersexample.controller.PersonControllerTest]
09:18:07.568 [Test worker] DEBUG org.springframework.test.context.BootstrapUtils - Instantiating CacheAwareContextLoaderDelegate from class [org.springframework.test.context.cache.DefaultCacheAwareContextLoaderDelegate]
09:18:07.603 [Test worker] DEBUG org.springframework.test.context.BootstrapUtils - Instantiating BootstrapContext using constructor [public org.springframework.test.context.support.DefaultBootstrapContext(java.lang.Class,org.springframework.test.context.CacheAwareContextLoaderDelegate)]
09:18:07.666 [Test worker] DEBUG org.springframework.test.context.BootstrapUtils - Instantiating TestContextBootstrapper for test class [com.tavisca.testcontainersexample.controller.PersonControllerTest] from class [org.springframework.boot.test.context.SpringBootTestContextBootstrapper]
09:18:07.739 [Test worker] DEBUG org.springframework.test.context.support.AbstractContextLoader - Did not detect default resource location for test class [com.tavisca.testcontainersexample.controller.PersonControllerTest]: class path resource [com/tavisca/testcontainersexample/controller/PersonControllerTest-context.xml] does not exist
09:18:07.742 [Test worker] DEBUG org.springframework.test.context.support.AbstractContextLoader - Did not detect default resource location for test class [com.tavisca.testcontainersexample.controller.PersonControllerTest]: class path resource [com/tavisca/testcontainersexample/controller/PersonControllerTestContext.groovy] does not exist
09:18:07.743 [Test worker] INFO org.springframework.test.context.support.AbstractContextLoader - Could not detect default resource locations for test class [com.tavisca.testcontainersexample.controller.PersonControllerTest]: no resource found for suffixes {-context.xml, Context.groovy}.
09:18:07.748 [Test worker] INFO org.springframework.test.context.support.AnnotationConfigContextLoaderUtils - Could not detect default configuration classes for test class [com.tavisca.testcontainersexample.controller.PersonControllerTest]: PersonControllerTest does not declare any static, non-private, non-final, nested classes annotated with @Configuration.
09:18:07.750 [Test worker] DEBUG org.springframework.test.context.support.AbstractContextLoader - Did not detect default resource location for test class [com.tavisca.testcontainersexample.controller.AbstractIntegrationTest]: class path resource [com/tavisca/testcontainersexample/controller/AbstractIntegrationTest-context.xml] does not exist
09:18:07.753 [Test worker] DEBUG org.springframework.test.context.support.AbstractContextLoader - Did not detect default resource location for test class [com.tavisca.testcontainersexample.controller.AbstractIntegrationTest]: class path resource [com/tavisca/testcontainersexample/controller/AbstractIntegrationTestContext.groovy] does not exist
09:18:07.754 [Test worker] INFO org.springframework.test.context.support.AbstractContextLoader - Could not detect default resource locations for test class [com.tavisca.testcontainersexample.controller.AbstractIntegrationTest]: no resource found for suffixes {-context.xml, Context.groovy}.
09:18:07.756 [Test worker] DEBUG org.springframework.test.context.support.AnnotationConfigContextLoaderUtils - Ignoring class [com.tavisca.testcontainersexample.controller.AbstractIntegrationTest$Initializer]; it must be static, non-private, non-final, and annotated with @Configuration to be considered a default configuration class.
09:18:07.756 [Test worker] INFO org.springframework.test.context.support.AnnotationConfigContextLoaderUtils - Could not detect default configuration classes for test class [com.tavisca.testcontainersexample.controller.AbstractIntegrationTest]: AbstractIntegrationTest does not declare any static, non-private, non-final, nested classes annotated with @Configuration.
09:18:07.920 [Test worker] DEBUG org.springframework.test.context.support.ActiveProfilesUtils - Could not find an 'annotation declaring class' for annotation type [org.springframework.test.context.ActiveProfiles] and class [com.tavisca.testcontainersexample.controller.PersonControllerTest]
09:18:08.198 [Test worker] DEBUG org.springframework.context.annotation.ClassPathScanningCandidateComponentProvider - Identified candidate component class: file [C:\Users\sraj\Desktop\REPOS\testcontainers-java-postgres\build\classes\java\main\com\tavisca\testcontainersexample\TestApplication.class]
09:18:08.200 [Test worker] INFO org.springframework.boot.test.context.SpringBootTestContextBootstrapper - Found @SpringBootConfiguration com.tavisca.testcontainersexample.TestApplication for test class com.tavisca.testcontainersexample.controller.PersonControllerTest
09:18:08.640 [Test worker] DEBUG org.springframework.boot.test.context.SpringBootTestContextBootstrapper - @TestExecutionListeners is not present for class [com.tavisca.testcontainersexample.controller.PersonControllerTest]: using defaults.
09:18:08.642 [Test worker] INFO org.springframework.boot.test.context.SpringBootTestContextBootstrapper - Loaded default TestExecutionListener class names from location [META-INF/spring.factories]: [org.springframework.boot.test.autoconfigure.restdocs.RestDocsTestExecutionListener, org.springframework.boot.test.autoconfigure.web.client.MockRestServiceServerResetTestExecutionListener, org.springframework.boot.test.autoconfigure.web.servlet.MockMvcPrintOnlyOnFailureTestExecutionListener, org.springframework.boot.test.autoconfigure.web.servlet.WebDriverTestExecutionListener, org.springframework.boot.test.mock.mockito.MockitoTestExecutionListener, org.springframework.boot.test.mock.mockito.ResetMocksTestExecutionListener, org.springframework.test.context.web.ServletTestExecutionListener, org.springframework.test.context.support.DirtiesContextBeforeModesTestExecutionListener, org.springframework.test.context.support.DependencyInjectionTestExecutionListener, org.springframework.test.context.support.DirtiesContextTestExecutionListener, org.springframework.test.context.transaction.TransactionalTestExecutionListener, org.springframework.test.context.jdbc.SqlScriptsTestExecutionListener]
09:18:08.713 [Test worker] INFO org.springframework.boot.test.context.SpringBootTestContextBootstrapper - Using TestExecutionListeners: [org.springframework.test.context.web.ServletTestExecutionListener@153503f2, org.springframework.test.context.support.DirtiesContextBeforeModesTestExecutionListener@4f3a1543, org.springframework.boot.test.mock.mockito.MockitoTestExecutionListener@69313490, org.springframework.boot.test.autoconfigure.SpringBootDependencyInjectionTestExecutionListener@6892d6a4, org.springframework.test.context.support.DirtiesContextTestExecutionListener@550572d7, org.springframework.test.context.transaction.TransactionalTestExecutionListener@4a8ae539, org.springframework.test.context.jdbc.SqlScriptsTestExecutionListener@2affcd4c, org.springframework.boot.test.autoconfigure.restdocs.RestDocsTestExecutionListener@54a60941, org.springframework.boot.test.autoconfigure.web.client.MockRestServiceServerResetTestExecutionListener@2a4b4ac8, org.springframework.boot.test.autoconfigure.web.servlet.MockMvcPrintOnlyOnFailureTestExecutionListener@37f5d195, org.springframework.boot.test.autoconfigure.web.servlet.WebDriverTestExecutionListener@6334ff8a, org.springframework.boot.test.mock.mockito.ResetMocksTestExecutionListener@73c0eac]
09:18:08.726 [Test worker] DEBUG org.springframework.test.annotation.ProfileValueUtils - Retrieved @ProfileValueSourceConfiguration [null] for test class [com.tavisca.testcontainersexample.controller.PersonControllerTest]
09:18:08.728 [Test worker] DEBUG org.springframework.test.annotation.ProfileValueUtils - Retrieved ProfileValueSource type [class org.springframework.test.annotation.SystemProfileValueSource] for class [com.tavisca.testcontainersexample.controller.PersonControllerTest]
09:18:08.730 [Test worker] DEBUG org.springframework.test.annotation.ProfileValueUtils - Retrieved @ProfileValueSourceConfiguration [null] for test class [com.tavisca.testcontainersexample.controller.PersonControllerTest]
09:18:08.730 [Test worker] DEBUG org.springframework.test.annotation.ProfileValueUtils - Retrieved ProfileValueSource type [class org.springframework.test.annotation.SystemProfileValueSource] for class [com.tavisca.testcontainersexample.controller.PersonControllerTest]
09:18:08.837 [Test worker] DEBUG org.testcontainers.utility.TestcontainersConfiguration - Testcontainers configuration overrides will be loaded from file:/C:/Users/sraj/.testcontainers.properties
09:18:08.847 [Test worker] DEBUG org.testcontainers.utility.TestcontainersConfiguration - Testcontainers configuration overrides loaded from TestcontainersConfiguration(properties={docker.client.strategy=org.testcontainers.dockerclient.NpipeSocketClientProviderStrategy})
09:18:08.917 [Test worker] INFO org.testcontainers.dockerclient.DockerClientProviderStrategy - Loaded org.testcontainers.dockerclient.NpipeSocketClientProviderStrategy from ~/.testcontainers.properties, will try it first
09:18:09.087 [Test worker] INFO org.testcontainers.dockerclient.DockerClientProviderStrategy - Will use 'okhttp' transport
09:18:09.624 [ducttape-0] DEBUG org.testcontainers.dockerclient.DockerClientProviderStrategy - Pinging docker daemon...
09:18:10.145 [ducttape-0] DEBUG com.github.dockerjava.core.command.AbstrDockerCmd - Cmd: org.testcontainers.dockerclient.transport.okhttp.OkHttpDockerCmdExecFactory$1@28c0e35f
09:18:10.320 [Test worker] INFO org.testcontainers.dockerclient.NpipeSocketClientProviderStrategy - Accessing docker with local Npipe socket (npipe:////./pipe/docker_engine)
09:18:10.320 [Test worker] INFO org.testcontainers.dockerclient.DockerClientProviderStrategy - Found Docker environment with local Npipe socket (npipe:////./pipe/docker_engine)
09:18:10.325 [Test worker] INFO org.testcontainers.DockerClientFactory - Docker host IP address is localhost
09:18:10.336 [Test worker] DEBUG com.github.dockerjava.core.command.AbstrDockerCmd - Cmd: com.github.dockerjava.core.exec.InfoCmdExec@79ea873c
09:18:10.775 [Test worker] DEBUG com.github.dockerjava.core.command.AbstrDockerCmd - Cmd: com.github.dockerjava.core.exec.VersionCmdExec@501df9bf
09:18:10.811 [Test worker] INFO org.testcontainers.DockerClientFactory - Connected to docker: 
  Server Version: 19.03.5
  API Version: 1.40
  Operating System: Docker Desktop
  Total Memory: 1980 MB
09:18:10.824 [Test worker] DEBUG com.github.dockerjava.core.command.AbstrDockerCmd - Cmd: ListImagesCmdImpl[imageNameFilter=quay.io/testcontainers/ryuk:0.2.2,showAll=false,filters=com.github.dockerjava.core.util.FiltersBuilder@0,execution=com.github.dockerjava.core.exec.ListImagesCmdExec@7195d73e]
09:18:10.991 [Test worker] DEBUG org.testcontainers.utility.RegistryAuthLocator - Looking up auth config for image: quay.io/testcontainers/ryuk:0.2.2
09:18:10.992 [Test worker] DEBUG org.testcontainers.utility.RegistryAuthLocator - RegistryAuthLocator has configFile: C:\Users\sraj\.docker\config.json (exists) and commandPathPrefix: 
09:18:11.006 [Test worker] DEBUG org.testcontainers.utility.RegistryAuthLocator - registryName [quay.io] for dockerImageName [quay.io/testcontainers/ryuk:0.2.2]
09:18:11.009 [Test worker] DEBUG org.testcontainers.utility.RegistryAuthLocator - Executing docker credential provider: docker-credential-desktop to locate auth config for: quay.io
09:18:11.054 [Test worker] DEBUG org.testcontainers.shaded.org.zeroturnaround.exec.ProcessExecutor - Executing [docker-credential-desktop, get].
09:18:11.153 [Test worker] DEBUG org.testcontainers.shaded.org.zeroturnaround.exec.ProcessExecutor - Started Process[pid=17192, exitValue=&quot;not exited&quot;]
09:18:11.655 [WaitForProcess-Process[pid=17192, exitValue=&quot;not exited&quot;]] DEBUG org.testcontainers.shaded.org.zeroturnaround.exec.WaitForProcess - Process[pid=17192, exitValue=1] stopped with exit code 1
09:18:11.664 [Test worker] DEBUG org.testcontainers.shaded.org.zeroturnaround.exec.ProcessExecutor - Executing [docker-credential-desktop, get].
09:18:11.738 [Test worker] DEBUG org.testcontainers.shaded.org.zeroturnaround.exec.ProcessExecutor - Started Process[pid=7612, exitValue=&quot;not exited&quot;]
09:18:12.231 [WaitForProcess-Process[pid=7612, exitValue=&quot;not exited&quot;]] DEBUG org.testcontainers.shaded.org.zeroturnaround.exec.WaitForProcess - Process[pid=7612, exitValue=1] stopped with exit code 1
09:18:12.234 [Test worker] DEBUG org.testcontainers.utility.RegistryAuthLocator - Got credentials not found error message from docker credential helper - credentials not found in native keychain
09:18:12.235 [Test worker] INFO org.testcontainers.utility.RegistryAuthLocator - Credentials not found for host (quay.io) when using credential helper/store (docker-credential-desktop)
09:18:12.238 [Test worker] DEBUG org.testcontainers.utility.RegistryAuthLocator - no matching Auth Configs - falling back to defaultAuthConfig [null]
09:18:12.238 [Test worker] DEBUG org.testcontainers.dockerclient.auth.AuthDelegatingDockerClientConfig - Effective auth config [null]
09:18:12.284 [Test worker] DEBUG com.github.dockerjava.core.command.AbstrDockerCmd - Cmd: com.github.dockerjava.core.command.CreateContainerCmdImpl@763f7a8f[name=testcontainers-ryuk-bb23a45d-7cb7-4b24-af53-73c69c4bef2e,hostName=&lt;null&gt;,domainName=&lt;null&gt;,user=&lt;null&gt;,attachStdin=&lt;null&gt;,attachStdout=&lt;null&gt;,attachStderr=&lt;null&gt;,portSpecs=&lt;null&gt;,tty=&lt;null&gt;,stdinOpen=&lt;null&gt;,stdInOnce=&lt;null&gt;,env=&lt;null&gt;,cmd=&lt;null&gt;,entrypoint=&lt;null&gt;,image=quay.io/testcontainers/ryuk:0.2.2,volumes=com.github.dockerjava.api.model.Volumes@116f5e30,workingDir=&lt;null&gt;,macAddress=&lt;null&gt;,networkDisabled=&lt;null&gt;,exposedPorts=com.github.dockerjava.api.model.ExposedPorts@5142764c,stopSignal=&lt;null&gt;,hostConfig=com.github.dockerjava.api.model.HostConfig@2b145b1e[binds=com.github.dockerjava.api.model.Binds@1ba9afc0,blkioWeight=&lt;null&gt;,blkioWeightDevice=&lt;null&gt;,blkioDeviceReadBps=&lt;null&gt;,blkioDeviceReadIOps=&lt;null&gt;,blkioDeviceWriteBps=&lt;null&gt;,blkioDeviceWriteIOps=&lt;null&gt;,memorySwappiness=&lt;null&gt;,capAdd=&lt;null&gt;,capDrop=&lt;null&gt;,containerIDFile=&lt;null&gt;,cpuPeriod=&lt;null&gt;,cpuShares=&lt;null&gt;,cpuQuota=&lt;null&gt;,cpusetCpus=&lt;null&gt;,cpusetMems=&lt;null&gt;,devices=&lt;null&gt;,diskQuota=&lt;null&gt;,dns=&lt;null&gt;,dnsSearch=&lt;null&gt;,extraHosts=&lt;null&gt;,links=&lt;null&gt;,logConfig=&lt;null&gt;,lxcConf=&lt;null&gt;,memory=&lt;null&gt;,memorySwap=&lt;null&gt;,memoryReservation=&lt;null&gt;,kernelMemory=&lt;null&gt;,networkMode=&lt;null&gt;,oomKillDisable=&lt;null&gt;,autoRemove=true,oomScoreAdj=&lt;null&gt;,portBindings=&lt;null&gt;,privileged=false,publishAllPorts=true,readonlyRootfs=&lt;null&gt;,restartPolicy=&lt;null&gt;,ulimits=&lt;null&gt;,volumesFrom=&lt;null&gt;,pidMode=&lt;null&gt;,securityOpts=&lt;null&gt;,cgroupParent=&lt;null&gt;,volumeDriver=&lt;null&gt;,shmSize=&lt;null&gt;,pidsLimit=&lt;null&gt;,runtime=&lt;null&gt;,tmpFs=&lt;null&gt;],labels={org.testcontainers=true},networkingConfig=&lt;null&gt;,ipv4Address=&lt;null&gt;,ipv6Address=&lt;null&gt;,aliases=&lt;null&gt;,authConfig=&lt;null&gt;,execution=com.github.dockerjava.core.exec.CreateContainerCmdExec@12ecdb00]
09:18:12.672 [Test worker] DEBUG com.github.dockerjava.core.command.AbstrDockerCmd - Cmd: ed7f7335b8b98fcd11df01ccd99b09ac6c9a1938a27406ab604ba3e2d270b79f,com.github.dockerjava.core.exec.StartContainerCmdExec@36384d6b
09:18:14.322 [Test worker] DEBUG com.github.dockerjava.core.command.AbstrDockerCmd - Cmd: ed7f7335b8b98fcd11df01ccd99b09ac6c9a1938a27406ab604ba3e2d270b79f,false,com.github.dockerjava.core.exec.InspectContainerCmdExec@2b997314
09:18:14.324 [Test worker] DEBUG com.github.dockerjava.core.exec.InspectContainerCmdExec - GET: OkHttpWebTarget(okHttpClient=org.testcontainers.shaded.okhttp3.OkHttpClient@362fbb7b, baseUrl=http://docker.socket/, path=[/containers/ed7f7335b8b98fcd11df01ccd99b09ac6c9a1938a27406ab604ba3e2d270b79f/json], queryParams={})
09:18:14.568 [testcontainers-ryuk] DEBUG org.testcontainers.utility.ResourceReaper - Sending 'label=org.testcontainers%3Dtrue&amp;label=org.testcontainers.sessionId%3Dbb23a45d-7cb7-4b24-af53-73c69c4bef2e' to Ryuk
09:18:14.571 [testcontainers-ryuk] DEBUG org.testcontainers.utility.ResourceReaper - Received 'ACK' from Ryuk
09:18:14.571 [Test worker] INFO org.testcontainers.DockerClientFactory - Ryuk started - will monitor and terminate Testcontainers containers on JVM exit
        ?? Checking the system...
        ? Docker version should be at least 1.6.0
09:18:14.605 [Test worker] DEBUG com.github.dockerjava.core.command.AbstrDockerCmd - Cmd: ed7f7335b8b98fcd11df01ccd99b09ac6c9a1938a27406ab604ba3e2d270b79f,&lt;null&gt;,true,&lt;null&gt;,&lt;null&gt;,&lt;null&gt;,&lt;null&gt;,{df,-P},com.github.dockerjava.core.exec.ExecCreateCmdExec@3d386add
09:18:15.018 [tc-okhttp-stream-122203448] DEBUG com.github.dockerjava.core.command.ExecStartResultCallback - STDOUT: Filesystem           1024-blocks    Used Available Capacity Mounted on
overlay               61255652   7882748  50231572  14% /
tmpfs                    65536         0     65536   0% /dev
tmpfs                  1013980         0   1013980   0% /sys/fs/cgroup
shm                      65536         0     65536   0% /dev/shm
/dev/sda1             61255652   7882748  50231572  14% /etc/resolv.conf
/dev/sda1             61255652   7882748  50231572  14% /etc/hostname
/dev/sda1             61255652   7882748  50231572  14% /etc/hosts
tmpfs                   202796       748    202048   0% /run/docker.sock
tmpfs                  1013980         0   1013980   0% /proc/acpi
tmpfs                    65536         0     65536   0% /proc/kcore
tmpfs                    65536         0     65536   0% /proc/keys
tmpfs                    65536         0     65536   0% /proc/timer_list
tmpfs                    65536         0     65536   0% /proc/sched_debug
tmpfs                  1013980         0   1013980   0% /sys/firmware
        ? Docker environment should have more than 2GB free disk space
09:18:15.192 [Test worker] DEBUG com.github.dockerjava.core.command.AbstrDockerCmd - Cmd: ListImagesCmdImpl[imageNameFilter=&lt;null&gt;,showAll=false,filters=com.github.dockerjava.core.util.FiltersBuilder@0,execution=com.github.dockerjava.core.exec.ListImagesCmdExec@14cb615d]
09:18:15.374 [Test worker] DEBUG docker[postgres:9.6.8] - 
+ Profiler [Rule creation - prefetch image]
|---+ Profiler [Obtaining client]
    |-- Subtotal           [Obtaining client]     0.036 milliseconds.
|-- elapsed time       [Obtaining client]     0.036 milliseconds.
|-- elapsed time     [Check local images]   160.278 milliseconds.
|-- Total        [Rule creation - prefetch image]   163.647 milliseconds.

09:18:15.380 [Test worker] DEBUG org.springframework.test.annotation.ProfileValueUtils - Retrieved @ProfileValueSourceConfiguration [null] for test class [com.tavisca.testcontainersexample.controller.PersonControllerTest]
09:18:15.381 [Test worker] DEBUG org.springframework.test.annotation.ProfileValueUtils - Retrieved ProfileValueSource type [class org.springframework.test.annotation.SystemProfileValueSource] for class [com.tavisca.testcontainersexample.controller.PersonControllerTest]
09:18:15.384 [Test worker] DEBUG docker[postgres:9.6.8] - Starting container: postgres:9.6.8
09:18:15.386 [Test worker] DEBUG docker[postgres:9.6.8] - Trying to start container: postgres:9.6.8
09:18:15.388 [Test worker] DEBUG docker[postgres:9.6.8] - Trying to start container: postgres:9.6.8 (attempt 1/1)
09:18:15.388 [Test worker] DEBUG docker[postgres:9.6.8] - Starting container: postgres:9.6.8
09:18:15.389 [Test worker] INFO docker[postgres:9.6.8] - Creating container for image: postgres:9.6.8
09:18:15.389 [Test worker] DEBUG org.testcontainers.utility.RegistryAuthLocator - Looking up auth config for image: postgres:9.6.8
09:18:15.389 [Test worker] DEBUG org.testcontainers.utility.RegistryAuthLocator - RegistryAuthLocator has configFile: C:\Users\sraj\.docker\config.json (exists) and commandPathPrefix: 
09:18:15.392 [Test worker] DEBUG org.testcontainers.utility.RegistryAuthLocator - registryName [index.docker.io] for dockerImageName [postgres:9.6.8]
09:18:15.392 [Test worker] DEBUG org.testcontainers.utility.RegistryAuthLocator - Executing docker credential provider: docker-credential-desktop to locate auth config for: index.docker.io
09:18:15.393 [Test worker] DEBUG org.testcontainers.shaded.org.zeroturnaround.exec.ProcessExecutor - Executing [docker-credential-desktop, get].
09:18:15.504 [Test worker] DEBUG org.testcontainers.shaded.org.zeroturnaround.exec.ProcessExecutor - Started Process[pid=21116, exitValue=&quot;not exited&quot;]
09:18:16.107 [WaitForProcess-Process[pid=21116, exitValue=&quot;not exited&quot;]] DEBUG org.testcontainers.shaded.org.zeroturnaround.exec.WaitForProcess - Process[pid=21116, exitValue=0] stopped with exit code 0
09:18:16.108 [Test worker] DEBUG org.testcontainers.utility.RegistryAuthLocator - Credential helper/store provided auth config for: index.docker.io
09:18:16.117 [Test worker] DEBUG org.testcontainers.utility.RegistryAuthLocator - found creds store auth config [AuthConfig{username=srshivamraj, password=hidden non-blank value, auth=blank, email=null, registryAddress=index.docker.io, registryToken=blank}]
09:18:16.117 [Test worker] DEBUG org.testcontainers.dockerclient.auth.AuthDelegatingDockerClientConfig - Effective auth config [AuthConfig{username=srshivamraj, password=hidden non-blank value, auth=blank, email=null, registryAddress=index.docker.io, registryToken=blank}]
09:18:16.132 [Test worker] DEBUG com.github.dockerjava.core.command.AbstrDockerCmd - Cmd: com.github.dockerjava.core.command.CreateContainerCmdImpl@5545d3e1[name=&lt;null&gt;,hostName=&lt;null&gt;,domainName=&lt;null&gt;,user=&lt;null&gt;,attachStdin=&lt;null&gt;,attachStdout=&lt;null&gt;,attachStderr=&lt;null&gt;,portSpecs=&lt;null&gt;,tty=&lt;null&gt;,stdinOpen=&lt;null&gt;,stdInOnce=&lt;null&gt;,env={POSTGRES_USER=root,POSTGRES_PASSWORD=root,POSTGRES_DB=test-db},cmd={postgres},entrypoint=&lt;null&gt;,image=postgres:9.6.8,volumes=com.github.dockerjava.api.model.Volumes@4bc89d30,workingDir=&lt;null&gt;,macAddress=&lt;null&gt;,networkDisabled=&lt;null&gt;,exposedPorts=com.github.dockerjava.api.model.ExposedPorts@5aecbc2,stopSignal=&lt;null&gt;,hostConfig=com.github.dockerjava.api.model.HostConfig@34dcae02[binds=com.github.dockerjava.api.model.Binds@4f7da9a3,blkioWeight=&lt;null&gt;,blkioWeightDevice=&lt;null&gt;,blkioDeviceReadBps=&lt;null&gt;,blkioDeviceReadIOps=&lt;null&gt;,blkioDeviceWriteBps=&lt;null&gt;,blkioDeviceWriteIOps=&lt;null&gt;,memorySwappiness=&lt;null&gt;,capAdd=&lt;null&gt;,capDrop=&lt;null&gt;,containerIDFile=&lt;null&gt;,cpuPeriod=&lt;null&gt;,cpuShares=&lt;null&gt;,cpuQuota=&lt;null&gt;,cpusetCpus=&lt;null&gt;,cpusetMems=&lt;null&gt;,devices=&lt;null&gt;,diskQuota=&lt;null&gt;,dns=&lt;null&gt;,dnsSearch=&lt;null&gt;,extraHosts={},links=com.github.dockerjava.api.model.Links@40d39c61,logConfig=&lt;null&gt;,lxcConf=&lt;null&gt;,memory=&lt;null&gt;,memorySwap=&lt;null&gt;,memoryReservation=&lt;null&gt;,kernelMemory=&lt;null&gt;,networkMode=&lt;null&gt;,oomKillDisable=&lt;null&gt;,autoRemove=&lt;null&gt;,oomScoreAdj=&lt;null&gt;,portBindings={},privileged=&lt;null&gt;,publishAllPorts=true,readonlyRootfs=&lt;null&gt;,restartPolicy=&lt;null&gt;,ulimits=&lt;null&gt;,volumesFrom={},pidMode=&lt;null&gt;,securityOpts=&lt;null&gt;,cgroupParent=&lt;null&gt;,volumeDriver=&lt;null&gt;,shmSize=&lt;null&gt;,pidsLimit=&lt;null&gt;,runtime=&lt;null&gt;,tmpFs=&lt;null&gt;],labels={org.testcontainers=true, org.testcontainers.sessionId=bb23a45d-7cb7-4b24-af53-73c69c4bef2e},networkingConfig=&lt;null&gt;,ipv4Address=&lt;null&gt;,ipv6Address=&lt;null&gt;,aliases=&lt;null&gt;,authConfig=AuthConfig[username=srshivamraj,password=testpass,email=&lt;null&gt;,registryAddress=index.docker.io,auth=&lt;null&gt;,registrytoken=&lt;null&gt;],execution=com.github.dockerjava.core.exec.CreateContainerCmdExec@622dabb4]
09:18:16.411 [Test worker] INFO docker[postgres:9.6.8] - Starting container with ID: 08d76d0d96ff2f526a14c5b7b4477e6e589193bd70bf109fa4598968c20f1883
09:18:16.411 [Test worker] DEBUG com.github.dockerjava.core.command.AbstrDockerCmd - Cmd: 08d76d0d96ff2f526a14c5b7b4477e6e589193bd70bf109fa4598968c20f1883,com.github.dockerjava.core.exec.StartContainerCmdExec@78bb5ad6
09:18:18.077 [Test worker] INFO docker[postgres:9.6.8] - Container postgres:9.6.8 is starting: 08d76d0d96ff2f526a14c5b7b4477e6e589193bd70bf109fa4598968c20f1883
09:18:18.078 [Test worker] DEBUG com.github.dockerjava.core.command.AbstrDockerCmd - Cmd: 08d76d0d96ff2f526a14c5b7b4477e6e589193bd70bf109fa4598968c20f1883,false,com.github.dockerjava.core.exec.InspectContainerCmdExec@5c29d333
09:18:18.079 [Test worker] DEBUG com.github.dockerjava.core.exec.InspectContainerCmdExec - GET: OkHttpWebTarget(okHttpClient=org.testcontainers.shaded.okhttp3.OkHttpClient@362fbb7b, baseUrl=http://docker.socket/, path=[/containers/08d76d0d96ff2f526a14c5b7b4477e6e589193bd70bf109fa4598968c20f1883/json], queryParams={})
09:18:18.106 [ducttape-0] DEBUG com.github.dockerjava.core.command.AbstrDockerCmd - Cmd: 08d76d0d96ff2f526a14c5b7b4477e6e589193bd70bf109fa4598968c20f1883,false,com.github.dockerjava.core.exec.InspectContainerCmdExec@4fee4002
09:18:18.108 [ducttape-0] DEBUG com.github.dockerjava.core.exec.InspectContainerCmdExec - GET: OkHttpWebTarget(okHttpClient=org.testcontainers.shaded.okhttp3.OkHttpClient@362fbb7b, baseUrl=http://docker.socket/, path=[/containers/08d76d0d96ff2f526a14c5b7b4477e6e589193bd70bf109fa4598968c20f1883/json], queryParams={})
09:18:18.164 [Test worker] DEBUG org.testcontainers.containers.output.WaitingConsumer - STDOUT: The files belonging to this database system will be owned by user &quot;postgres&quot;.
09:18:18.165 [Test worker] DEBUG org.testcontainers.containers.output.WaitingConsumer - STDOUT: fixing permissions on existing directory /var/lib/postgresql/data ... ok
09:18:18.166 [Test worker] DEBUG org.testcontainers.containers.output.WaitingConsumer - STDOUT: 
09:18:18.166 [Test worker] DEBUG org.testcontainers.containers.output.WaitingConsumer - STDOUT: Data page checksums are disabled.
09:18:18.166 [Test worker] DEBUG org.testcontainers.containers.output.WaitingConsumer - STDOUT: 
09:18:18.167 [Test worker] DEBUG org.testcontainers.containers.output.WaitingConsumer - STDOUT: The default text search configuration will be set to &quot;english&quot;.
09:18:18.168 [Test worker] DEBUG org.testcontainers.containers.output.WaitingConsumer - STDOUT: The default database encoding has accordingly been set to &quot;UTF8&quot;.
09:18:18.168 [Test worker] DEBUG org.testcontainers.containers.output.WaitingConsumer - STDOUT: The database cluster will be initialized with locale &quot;en_US.utf8&quot;.
09:18:18.168 [Test worker] DEBUG org.testcontainers.containers.output.WaitingConsumer - STDOUT: 
09:18:18.169 [Test worker] DEBUG org.testcontainers.containers.output.WaitingConsumer - STDOUT: This user must also own the server process.
09:18:18.179 [Test worker] DEBUG org.testcontainers.containers.output.WaitingConsumer - STDOUT: creating subdirectories ... ok
09:18:18.190 [Test worker] DEBUG org.testcontainers.containers.output.WaitingConsumer - STDOUT: selecting default max_connections ... 100
09:18:18.220 [Test worker] DEBUG org.testcontainers.containers.output.WaitingConsumer - STDOUT: selecting dynamic shared memory implementation ... posix
09:18:18.221 [Test worker] DEBUG org.testcontainers.containers.output.WaitingConsumer - STDOUT: selecting default shared_buffers ... 128MB
09:18:18.900 [Test worker] DEBUG org.testcontainers.containers.output.WaitingConsumer - STDOUT: creating configuration files ... ok
09:18:19.850 [Test worker] DEBUG org.testcontainers.containers.output.WaitingConsumer - STDOUT: running bootstrap script ... ok
09:18:20.668 [Test worker] DEBUG org.testcontainers.containers.output.WaitingConsumer - STDOUT: performing post-bootstrap initialization ... ok
09:18:21.219 [Test worker] DEBUG org.testcontainers.containers.output.WaitingConsumer - STDOUT: 
09:18:21.222 [Test worker] DEBUG org.testcontainers.containers.output.WaitingConsumer - STDERR: --auth-local and --auth-host, the next time you run initdb.
09:18:21.222 [Test worker] DEBUG org.testcontainers.containers.output.WaitingConsumer - STDERR: You can change this by editing pg_hba.conf or using the option -A, or
09:18:21.224 [Test worker] DEBUG org.testcontainers.containers.output.WaitingConsumer - STDERR: WARNING: enabling &quot;trust&quot; authentication for local connections
09:18:21.225 [Test worker] DEBUG org.testcontainers.containers.output.WaitingConsumer - STDERR: 
09:18:21.225 [Test worker] DEBUG org.testcontainers.containers.output.WaitingConsumer - STDOUT: 
09:18:21.225 [Test worker] DEBUG org.testcontainers.containers.output.WaitingConsumer - STDOUT:     pg_ctl -D /var/lib/postgresql/data -l logfile start
09:18:21.226 [Test worker] DEBUG org.testcontainers.containers.output.WaitingConsumer - STDOUT: 
09:18:21.226 [Test worker] DEBUG org.testcontainers.containers.output.WaitingConsumer - STDOUT: Success. You can now start the database server using:
09:18:21.226 [Test worker] DEBUG org.testcontainers.containers.output.WaitingConsumer - STDOUT: syncing data to disk ... ok
09:18:21.306 [Test worker] DEBUG org.testcontainers.containers.output.WaitingConsumer - STDOUT: waiting for server to start....LOG:  database system was shut down at 2020-02-05 03:48:20 UTC
09:18:21.317 [Test worker] DEBUG org.testcontainers.containers.output.WaitingConsumer - STDOUT: LOG:  MultiXact member wraparound protections are now enabled
09:18:21.328 [Test worker] DEBUG org.testcontainers.containers.output.WaitingConsumer - STDOUT: LOG:  autovacuum launcher started
09:18:21.329 [Test worker] DEBUG org.testcontainers.containers.output.WaitingConsumer - STDOUT: LOG:  database system is ready to accept connections
09:18:22.265 [Test worker] DEBUG org.testcontainers.containers.output.WaitingConsumer - STDOUT:  done
09:18:22.265 [Test worker] DEBUG org.testcontainers.containers.output.WaitingConsumer - STDOUT: server started
09:18:22.773 [Test worker] DEBUG org.testcontainers.containers.output.WaitingConsumer - STDOUT: CREATE DATABASE
09:18:22.784 [Test worker] DEBUG org.testcontainers.containers.output.WaitingConsumer - STDOUT: 
09:18:22.855 [Test worker] DEBUG org.testcontainers.containers.output.WaitingConsumer - STDOUT: CREATE ROLE
09:18:22.866 [Test worker] DEBUG org.testcontainers.containers.output.WaitingConsumer - STDOUT: LOG:  aborting any active transactions
09:18:22.866 [Test worker] DEBUG org.testcontainers.containers.output.WaitingConsumer - STDOUT: .LOG:  autovacuum launcher shutting down
09:18:22.867 [Test worker] DEBUG org.testcontainers.containers.output.WaitingConsumer - STDOUT: waiting for server to shut down...LOG:  received fast shutdown request
09:18:22.867 [Test worker] DEBUG org.testcontainers.containers.output.WaitingConsumer - STDOUT: 
09:18:22.868 [Test worker] DEBUG org.testcontainers.containers.output.WaitingConsumer - STDOUT: /usr/local/bin/docker-entrypoint.sh: ignoring /docker-entrypoint-initdb.d/*
09:18:22.869 [Test worker] DEBUG org.testcontainers.containers.output.WaitingConsumer - STDOUT: 
09:18:22.869 [Test worker] DEBUG org.testcontainers.containers.output.WaitingConsumer - STDOUT: 
09:18:22.881 [Test worker] DEBUG org.testcontainers.containers.output.WaitingConsumer - STDOUT: LOG:  shutting down
09:18:22.907 [Test worker] DEBUG org.testcontainers.containers.output.WaitingConsumer - STDOUT: LOG:  database system is shut down
09:18:23.866 [Test worker] DEBUG org.testcontainers.containers.output.WaitingConsumer - STDOUT:  done
09:18:23.867 [Test worker] DEBUG org.testcontainers.containers.output.WaitingConsumer - STDOUT: server stopped
09:18:23.878 [Test worker] DEBUG org.testcontainers.containers.output.WaitingConsumer - STDOUT: 
09:18:23.879 [Test worker] DEBUG org.testcontainers.containers.output.WaitingConsumer - STDOUT: 
09:18:23.880 [Test worker] DEBUG org.testcontainers.containers.output.WaitingConsumer - STDOUT: PostgreSQL init process complete; ready for start up.
09:18:23.941 [Test worker] DEBUG org.testcontainers.containers.output.WaitingConsumer - STDERR: LOG:  database system was shut down at 2020-02-05 03:48:22 UTC
09:18:23.952 [Test worker] DEBUG org.testcontainers.containers.output.WaitingConsumer - STDERR: LOG:  database system is ready to accept connections
09:18:23.952 [Test worker] INFO docker[postgres:9.6.8] - Container postgres:9.6.8 started
09:18:23.954 [Test worker] DEBUG docker[postgres:9.6.8] - 
+ Profiler [Container startup]
|-- elapsed time [Prepare container configuration and host configuration]     4.023 milliseconds.
|---+ Profiler [Container startup attempt]
    |-- elapsed time       [Create container]  1022.004 milliseconds.
    |-- elapsed time        [Start container]  1666.808 milliseconds.
    |-- elapsed time   [Inspecting container]    22.157 milliseconds.
    |-- elapsed time [Call containerIsStarting on subclasses]     0.013 milliseconds.
    |-- elapsed time [Wait until container has started properly, or there's evidence it failed to start.]    26.160 milliseconds.
    |-- elapsed time [Wait until container started properly]  5826.833 milliseconds.
    |-- Subtotal     [Container startup attempt]  8564.600 milliseconds.
|-- elapsed time [Container startup attempt]  8564.600 milliseconds.
|-- Total             [Container startup]  8568.975 milliseconds.

09:18:23.966 [Test worker] DEBUG org.springframework.test.context.support.AbstractDirtiesContextTestExecutionListener - Before test class: context [DefaultTestContext@56e870bc testClass = PersonControllerTest, testInstance = [null], testMethod = [null], testException = [null], mergedContextConfiguration = [WebMergedContextConfiguration@5e24b90d testClass = PersonControllerTest, locations = '{}', classes = '{class com.tavisca.testcontainersexample.TestApplication}', contextInitializerClasses = '[class com.tavisca.testcontainersexample.controller.AbstractIntegrationTest$Initializer]', activeProfiles = '{}', propertySourceLocations = '{}', propertySourceProperties = '{org.springframework.boot.test.context.SpringBootTestContextBootstrapper=true}', contextCustomizers = set[org.springframework.boot.test.autoconfigure.properties.PropertyMappingContextCustomizer@0, org.springframework.boot.test.autoconfigure.web.servlet.WebDriverContextCustomizerFactory$Customizer@14af61f1, org.springframework.boot.test.context.filter.ExcludeFilterContextCustomizer@4bc7e0ea, org.springframework.boot.test.json.DuplicateJsonObjectContextCustomizerFactory$DuplicateJsonObjectContextCustomizer@2d3e438c, org.springframework.boot.test.mock.mockito.MockitoContextCustomizer@0, org.springframework.boot.test.web.client.TestRestTemplateContextCustomizer@185b8395], resourceBasePath = 'src/main/webapp', contextLoader = 'org.springframework.boot.test.context.SpringBootContextLoader', parent = [null]], attributes = map['org.springframework.test.context.web.ServletTestExecutionListener.activateListener' -&gt; true]], class annotated with @DirtiesContext [false] with mode [null].
09:18:23.969 [Test worker] DEBUG org.springframework.test.annotation.ProfileValueUtils - Retrieved @ProfileValueSourceConfiguration [null] for test class [com.tavisca.testcontainersexample.controller.PersonControllerTest]
09:18:23.969 [Test worker] DEBUG org.springframework.test.annotation.ProfileValueUtils - Retrieved ProfileValueSource type [class org.springframework.test.annotation.SystemProfileValueSource] for class [com.tavisca.testcontainersexample.controller.PersonControllerTest]
09:18:24.028 [Test worker] DEBUG org.springframework.test.context.support.TestPropertySourceUtils - Adding inlined properties to environment: {spring.jmx.enabled=false, org.springframework.boot.test.context.SpringBootTestContextBootstrapper=true, server.port=-1}

  .   ____          _            __ _ _
 /\\ / ___'_ __ _ _(_)_ __  __ _ \ \ \ \
( ( )\___ | '_ | '_| | '_ \/ _` | \ \ \ \
 \\/  ___)| |_)| | | | | || (_| |  ) ) ) )
  '  |____| .__|_| |_|_| |_\__, | / / / /
 =========|_|==============|___/=/_/_/_/
 :: Spring Boot ::        (v2.1.0.RELEASE)

2020-02-05 09:18:26.053  INFO 18632 --- [    Test worker] c.t.t.controller.PersonControllerTest    : Starting PersonControllerTest on RENTLAPT0012 with PID 18632 (started by sraj in C:\Users\sraj\Desktop\REPOS\testcontainers-java-postgres)
2020-02-05 09:18:26.060  INFO 18632 --- [    Test worker] c.t.t.controller.PersonControllerTest    : No active profile set, falling back to default profiles: default
2020-02-05 09:18:29.452  INFO 18632 --- [    Test worker] .s.d.r.c.RepositoryConfigurationDelegate : Bootstrapping Spring Data repositories in DEFAULT mode.
2020-02-05 09:18:29.700  INFO 18632 --- [    Test worker] .s.d.r.c.RepositoryConfigurationDelegate : Finished Spring Data repository scanning in 225ms. Found 1 repository interfaces.
2020-02-05 09:18:31.311  INFO 18632 --- [    Test worker] trationDelegate$BeanPostProcessorChecker : Bean 'org.springframework.transaction.annotation.ProxyTransactionManagementConfiguration' of type [org.springframework.transaction.annotation.ProxyTransactionManagementConfiguration$$EnhancerBySpringCGLIB$$d00a4cd5] is not eligible for getting processed by all BeanPostProcessors (for example: not eligible for auto-proxying)
2020-02-05 09:18:31.941  INFO 18632 --- [    Test worker] com.zaxxer.hikari.HikariDataSource       : HikariPool-1 - Starting...
2020-02-05 09:18:32.269  INFO 18632 --- [    Test worker] com.zaxxer.hikari.HikariDataSource       : HikariPool-1 - Start completed.
2020-02-05 09:18:34.976  INFO 18632 --- [    Test worker] liquibase.executor.jvm.JdbcExecutor      : SELECT COUNT(*) FROM public.databasechangeloglock
2020-02-05 09:18:35.038  INFO 18632 --- [    Test worker] liquibase.executor.jvm.JdbcExecutor      : CREATE TABLE public.databasechangeloglock (ID INTEGER NOT NULL, LOCKED BOOLEAN NOT NULL, LOCKGRANTED TIMESTAMP WITHOUT TIME ZONE, LOCKEDBY VARCHAR(255), CONSTRAINT DATABASECHANGELOGLOCK_PKEY PRIMARY KEY (ID))
2020-02-05 09:18:35.072  INFO 18632 --- [    Test worker] liquibase.executor.jvm.JdbcExecutor      : SELECT COUNT(*) FROM public.databasechangeloglock
2020-02-05 09:18:35.082  INFO 18632 --- [    Test worker] liquibase.executor.jvm.JdbcExecutor      : DELETE FROM public.databasechangeloglock
2020-02-05 09:18:35.085  INFO 18632 --- [    Test worker] liquibase.executor.jvm.JdbcExecutor      : INSERT INTO public.databasechangeloglock (ID, LOCKED) VALUES (1, FALSE)
2020-02-05 09:18:35.095  INFO 18632 --- [    Test worker] liquibase.executor.jvm.JdbcExecutor      : SELECT LOCKED FROM public.databasechangeloglock WHERE ID=1
2020-02-05 09:18:35.112  INFO 18632 --- [    Test worker] l.lockservice.StandardLockService        : Successfully acquired change log lock
2020-02-05 09:18:36.948  INFO 18632 --- [    Test worker] l.c.StandardChangeLogHistoryService      : Creating database history table with name: public.databasechangelog
2020-02-05 09:18:36.951  INFO 18632 --- [    Test worker] liquibase.executor.jvm.JdbcExecutor      : CREATE TABLE public.databasechangelog (ID VARCHAR(255) NOT NULL, AUTHOR VARCHAR(255) NOT NULL, FILENAME VARCHAR(255) NOT NULL, DATEEXECUTED TIMESTAMP WITHOUT TIME ZONE NOT NULL, ORDEREXECUTED INTEGER NOT NULL, EXECTYPE VARCHAR(10) NOT NULL, MD5SUM VARCHAR(35), DESCRIPTION VARCHAR(255), COMMENTS VARCHAR(255), TAG VARCHAR(255), LIQUIBASE VARCHAR(20), CONTEXTS VARCHAR(255), LABELS VARCHAR(255), DEPLOYMENT_ID VARCHAR(10))
2020-02-05 09:18:36.982  INFO 18632 --- [    Test worker] liquibase.executor.jvm.JdbcExecutor      : SELECT COUNT(*) FROM public.databasechangelog
2020-02-05 09:18:36.986  INFO 18632 --- [    Test worker] l.c.StandardChangeLogHistoryService      : Reading from public.databasechangelog
2020-02-05 09:18:36.988  INFO 18632 --- [    Test worker] liquibase.executor.jvm.JdbcExecutor      : SELECT * FROM public.databasechangelog ORDER BY DATEEXECUTED ASC, ORDEREXECUTED ASC
2020-02-05 09:18:36.997  INFO 18632 --- [    Test worker] liquibase.executor.jvm.JdbcExecutor      : SELECT COUNT(*) FROM public.databasechangeloglock
2020-02-05 09:18:37.024  INFO 18632 --- [    Test worker] liquibase.executor.jvm.JdbcExecutor      : CREATE TABLE public.person (id VARCHAR(255) NOT NULL, name VARCHAR(255), CONSTRAINT PERSON_PKEY PRIMARY KEY (id))
2020-02-05 09:18:37.069  INFO 18632 --- [    Test worker] liquibase.changelog.ChangeSet            : Table person created
2020-02-05 09:18:37.108  INFO 18632 --- [    Test worker] liquibase.changelog.ChangeSet            : ChangeSet classpath:/db/changelog/db.changelog-master.yaml::1::sraj ran successfully in 85ms
2020-02-05 09:18:37.110  INFO 18632 --- [    Test worker] liquibase.executor.jvm.JdbcExecutor      : SELECT MAX(ORDEREXECUTED) FROM public.databasechangelog
2020-02-05 09:18:37.118  INFO 18632 --- [    Test worker] liquibase.executor.jvm.JdbcExecutor      : INSERT INTO public.databasechangelog (ID, AUTHOR, FILENAME, DATEEXECUTED, ORDEREXECUTED, MD5SUM, DESCRIPTION, COMMENTS, EXECTYPE, CONTEXTS, LABELS, LIQUIBASE, DEPLOYMENT_ID) VALUES ('1', 'sraj', 'classpath:/db/changelog/db.changelog-master.yaml', NOW(), 1, '8:b553fe8a068d755cb2354f3bd7741111', 'createTable tableName=person', '', 'EXECUTED', NULL, NULL, '3.6.2', '0874517000')
2020-02-05 09:18:37.145  INFO 18632 --- [    Test worker] l.lockservice.StandardLockService        : Successfully released change log lock
2020-02-05 09:18:37.864  INFO 18632 --- [    Test worker] o.hibernate.jpa.internal.util.LogHelper  : HHH000204: Processing PersistenceUnitInfo [
	name: default
	...]
2020-02-05 09:18:38.198  INFO 18632 --- [    Test worker] org.hibernate.Version                    : HHH000412: Hibernate Core {5.3.7.Final}
2020-02-05 09:18:38.207  INFO 18632 --- [    Test worker] org.hibernate.cfg.Environment            : HHH000206: hibernate.properties not found
2020-02-05 09:18:38.912  INFO 18632 --- [    Test worker] o.hibernate.annotations.common.Version   : HCANN000001: Hibernate Commons Annotations {5.0.4.Final}
2020-02-05 09:18:39.440  INFO 18632 --- [    Test worker] org.hibernate.dialect.Dialect            : HHH000400: Using dialect: org.hibernate.dialect.PostgreSQLDialect
2020-02-05 09:18:40.090  INFO 18632 --- [    Test worker] o.h.e.j.e.i.LobCreatorBuilderImpl        : HHH000424: Disabling contextual LOB creation as createClob() method threw error : java.lang.reflect.InvocationTargetException

java.lang.reflect.InvocationTargetException: null
	at java.base/jdk.internal.reflect.NativeMethodAccessorImpl.invoke0(Native Method) ~[na:na]
	at java.base/jdk.internal.reflect.NativeMethodAccessorImpl.invoke(NativeMethodAccessorImpl.java:62) ~[na:na]
	at java.base/jdk.internal.reflect.DelegatingMethodAccessorImpl.invoke(DelegatingMethodAccessorImpl.java:43) ~[na:na]
	at java.base/java.lang.reflect.Method.invoke(Method.java:566) ~[na:na]
	at org.hibernate.engine.jdbc.env.internal.LobCreatorBuilderImpl.useContextualLobCreation(LobCreatorBuilderImpl.java:113) ~[hibernate-core-5.3.7.Final.jar:5.3.7.Final]
	at org.hibernate.engine.jdbc.env.internal.LobCreatorBuilderImpl.makeLobCreatorBuilder(LobCreatorBuilderImpl.java:54) ~[hibernate-core-5.3.7.Final.jar:5.3.7.Final]
	at org.hibernate.engine.jdbc.env.internal.JdbcEnvironmentImpl.&lt;init&gt;(JdbcEnvironmentImpl.java:271) ~[hibernate-core-5.3.7.Final.jar:5.3.7.Final]
	at org.hibernate.engine.jdbc.env.internal.JdbcEnvironmentInitiator.initiateService(JdbcEnvironmentInitiator.java:114) ~[hibernate-core-5.3.7.Final.jar:5.3.7.Final]
	at org.hibernate.engine.jdbc.env.internal.JdbcEnvironmentInitiator.initiateService(JdbcEnvironmentInitiator.java:35) ~[hibernate-core-5.3.7.Final.jar:5.3.7.Final]
	at org.hibernate.boot.registry.internal.StandardServiceRegistryImpl.initiateService(StandardServiceRegistryImpl.java:94) ~[hibernate-core-5.3.7.Final.jar:5.3.7.Final]
	at org.hibernate.service.internal.AbstractServiceRegistryImpl.createService(AbstractServiceRegistryImpl.java:263) ~[hibernate-core-5.3.7.Final.jar:5.3.7.Final]
	at org.hibernate.service.internal.AbstractServiceRegistryImpl.initializeService(AbstractServiceRegistryImpl.java:237) ~[hibernate-core-5.3.7.Final.jar:5.3.7.Final]
	at org.hibernate.service.internal.AbstractServiceRegistryImpl.getService(AbstractServiceRegistryImpl.java:214) ~[hibernate-core-5.3.7.Final.jar:5.3.7.Final]
	at org.hibernate.id.factory.internal.DefaultIdentifierGeneratorFactory.injectServices(DefaultIdentifierGeneratorFactory.java:152) ~[hibernate-core-5.3.7.Final.jar:5.3.7.Final]
	at org.hibernate.service.internal.AbstractServiceRegistryImpl.injectDependencies(AbstractServiceRegistryImpl.java:286) ~[hibernate-core-5.3.7.Final.jar:5.3.7.Final]
	at org.hibernate.service.internal.AbstractServiceRegistryImpl.initializeService(AbstractServiceRegistryImpl.java:243) ~[hibernate-core-5.3.7.Final.jar:5.3.7.Final]
	at org.hibernate.service.internal.AbstractServiceRegistryImpl.getService(AbstractServiceRegistryImpl.java:214) ~[hibernate-core-5.3.7.Final.jar:5.3.7.Final]
	at org.hibernate.boot.internal.InFlightMetadataCollectorImpl.&lt;init&gt;(InFlightMetadataCollectorImpl.java:179) ~[hibernate-core-5.3.7.Final.jar:5.3.7.Final]
	at org.hibernate.boot.model.process.spi.MetadataBuildingProcess.complete(MetadataBuildingProcess.java:119) ~[hibernate-core-5.3.7.Final.jar:5.3.7.Final]
	at org.hibernate.jpa.boot.internal.EntityManagerFactoryBuilderImpl.metadata(EntityManagerFactoryBuilderImpl.java:904) ~[hibernate-core-5.3.7.Final.jar:5.3.7.Final]
	at org.hibernate.jpa.boot.internal.EntityManagerFactoryBuilderImpl.build(EntityManagerFactoryBuilderImpl.java:935) ~[hibernate-core-5.3.7.Final.jar:5.3.7.Final]
	at org.springframework.orm.jpa.vendor.SpringHibernateJpaPersistenceProvider.createContainerEntityManagerFactory(SpringHibernateJpaPersistenceProvider.java:57) ~[spring-orm-5.1.2.RELEASE.jar:5.1.2.RELEASE]
	at org.springframework.orm.jpa.LocalContainerEntityManagerFactoryBean.createNativeEntityManagerFactory(LocalContainerEntityManagerFactoryBean.java:365) ~[spring-orm-5.1.2.RELEASE.jar:5.1.2.RELEASE]
	at org.springframework.orm.jpa.AbstractEntityManagerFactoryBean.buildNativeEntityManagerFactory(AbstractEntityManagerFactoryBean.java:390) ~[spring-orm-5.1.2.RELEASE.jar:5.1.2.RELEASE]
	at org.springframework.orm.jpa.AbstractEntityManagerFactoryBean.afterPropertiesSet(AbstractEntityManagerFactoryBean.java:377) ~[spring-orm-5.1.2.RELEASE.jar:5.1.2.RELEASE]
	at org.springframework.orm.jpa.LocalContainerEntityManagerFactoryBean.afterPropertiesSet(LocalContainerEntityManagerFactoryBean.java:341) ~[spring-orm-5.1.2.RELEASE.jar:5.1.2.RELEASE]
	at org.springframework.beans.factory.support.AbstractAutowireCapableBeanFactory.invokeInitMethods(AbstractAutowireCapableBeanFactory.java:1804) ~[spring-beans-5.1.2.RELEASE.jar:5.1.2.RELEASE]
	at org.springframework.beans.factory.support.AbstractAutowireCapableBeanFactory.initializeBean(AbstractAutowireCapableBeanFactory.java:1741) ~[spring-beans-5.1.2.RELEASE.jar:5.1.2.RELEASE]
	at org.springframework.beans.factory.support.AbstractAutowireCapableBeanFactory.doCreateBean(AbstractAutowireCapableBeanFactory.java:576) ~[spring-beans-5.1.2.RELEASE.jar:5.1.2.RELEASE]
	at org.springframework.beans.factory.support.AbstractAutowireCapableBeanFactory.createBean(AbstractAutowireCapableBeanFactory.java:498) ~[spring-beans-5.1.2.RELEASE.jar:5.1.2.RELEASE]
	at org.springframework.beans.factory.support.AbstractBeanFactory.lambda$doGetBean$0(AbstractBeanFactory.java:320) ~[spring-beans-5.1.2.RELEASE.jar:5.1.2.RELEASE]
	at org.springframework.beans.factory.support.DefaultSingletonBeanRegistry.getSingleton(DefaultSingletonBeanRegistry.java:222) ~[spring-beans-5.1.2.RELEASE.jar:5.1.2.RELEASE]
	at org.springframework.beans.factory.support.AbstractBeanFactory.doGetBean(AbstractBeanFactory.java:318) ~[spring-beans-5.1.2.RELEASE.jar:5.1.2.RELEASE]
	at org.springframework.beans.factory.support.AbstractBeanFactory.getBean(AbstractBeanFactory.java:199) ~[spring-beans-5.1.2.RELEASE.jar:5.1.2.RELEASE]
	at org.springframework.context.support.AbstractApplicationContext.getBean(AbstractApplicationContext.java:1083) ~[spring-context-5.1.2.RELEASE.jar:5.1.2.RELEASE]
	at org.springframework.context.support.AbstractApplicationContext.finishBeanFactoryInitialization(AbstractApplicationContext.java:853) ~[spring-context-5.1.2.RELEASE.jar:5.1.2.RELEASE]
	at org.springframework.context.support.AbstractApplicationContext.refresh(AbstractApplicationContext.java:546) ~[spring-context-5.1.2.RELEASE.jar:5.1.2.RELEASE]
	at org.springframework.boot.SpringApplication.refresh(SpringApplication.java:775) ~[spring-boot-2.1.0.RELEASE.jar:2.1.0.RELEASE]
	at org.springframework.boot.SpringApplication.refreshContext(SpringApplication.java:397) ~[spring-boot-2.1.0.RELEASE.jar:2.1.0.RELEASE]
	at org.springframework.boot.SpringApplication.run(SpringApplication.java:316) ~[spring-boot-2.1.0.RELEASE.jar:2.1.0.RELEASE]
	at org.springframework.boot.test.context.SpringBootContextLoader.loadContext(SpringBootContextLoader.java:127) ~[spring-boot-test-2.1.0.RELEASE.jar:2.1.0.RELEASE]
	at org.springframework.test.context.cache.DefaultCacheAwareContextLoaderDelegate.loadContextInternal(DefaultCacheAwareContextLoaderDelegate.java:99) ~[spring-test-5.1.2.RELEASE.jar:5.1.2.RELEASE]
	at org.springframework.test.context.cache.DefaultCacheAwareContextLoaderDelegate.loadContext(DefaultCacheAwareContextLoaderDelegate.java:117) ~[spring-test-5.1.2.RELEASE.jar:5.1.2.RELEASE]
	at org.springframework.test.context.support.DefaultTestContext.getApplicationContext(DefaultTestContext.java:108) ~[spring-test-5.1.2.RELEASE.jar:5.1.2.RELEASE]
	at org.springframework.test.context.web.ServletTestExecutionListener.setUpRequestContextIfNecessary(ServletTestExecutionListener.java:190) ~[spring-test-5.1.2.RELEASE.jar:5.1.2.RELEASE]
	at org.springframework.test.context.web.ServletTestExecutionListener.prepareTestInstance(ServletTestExecutionListener.java:132) ~[spring-test-5.1.2.RELEASE.jar:5.1.2.RELEASE]
	at org.springframework.test.context.TestContextManager.prepareTestInstance(TestContextManager.java:246) ~[spring-test-5.1.2.RELEASE.jar:5.1.2.RELEASE]
	at org.springframework.test.context.junit4.SpringJUnit4ClassRunner.createTest(SpringJUnit4ClassRunner.java:227) ~[spring-test-5.1.2.RELEASE.jar:5.1.2.RELEASE]
	at org.springframework.test.context.junit4.SpringJUnit4ClassRunner$1.runReflectiveCall(SpringJUnit4ClassRunner.java:289) ~[spring-test-5.1.2.RELEASE.jar:5.1.2.RELEASE]
	at org.junit.internal.runners.model.ReflectiveCallable.run(ReflectiveCallable.java:12) ~[junit-4.12.jar:4.12]
	at org.springframework.test.context.junit4.SpringJUnit4ClassRunner.methodBlock(SpringJUnit4ClassRunner.java:291) ~[spring-test-5.1.2.RELEASE.jar:5.1.2.RELEASE]
	at org.springframework.test.context.junit4.SpringJUnit4ClassRunner.runChild(SpringJUnit4ClassRunner.java:246) ~[spring-test-5.1.2.RELEASE.jar:5.1.2.RELEASE]
	at org.springframework.test.context.junit4.SpringJUnit4ClassRunner.runChild(SpringJUnit4ClassRunner.java:97) ~[spring-test-5.1.2.RELEASE.jar:5.1.2.RELEASE]
	at org.junit.runners.ParentRunner$3.run(ParentRunner.java:290) ~[junit-4.12.jar:4.12]
	at org.junit.runners.ParentRunner$1.schedule(ParentRunner.java:71) ~[junit-4.12.jar:4.12]
	at org.junit.runners.ParentRunner.runChildren(ParentRunner.java:288) ~[junit-4.12.jar:4.12]
	at org.junit.runners.ParentRunner.access$000(ParentRunner.java:58) ~[junit-4.12.jar:4.12]
	at org.junit.runners.ParentRunner$2.evaluate(ParentRunner.java:268) ~[junit-4.12.jar:4.12]
	at org.springframework.test.context.junit4.statements.RunBeforeTestClassCallbacks.evaluate(RunBeforeTestClassCallbacks.java:61) ~[spring-test-5.1.2.RELEASE.jar:5.1.2.RELEASE]
	at org.springframework.test.context.junit4.statements.RunAfterTestClassCallbacks.evaluate(RunAfterTestClassCallbacks.java:70) ~[spring-test-5.1.2.RELEASE.jar:5.1.2.RELEASE]
	at org.testcontainers.containers.FailureDetectingExternalResource$1.evaluate(FailureDetectingExternalResource.java:30) ~[testcontainers-1.10.1.jar:na]
	at org.junit.rules.RunRules.evaluate(RunRules.java:20) ~[junit-4.12.jar:4.12]
	at org.junit.runners.ParentRunner.run(ParentRunner.java:363) ~[junit-4.12.jar:4.12]
	at org.springframework.test.context.junit4.SpringJUnit4ClassRunner.run(SpringJUnit4ClassRunner.java:190) ~[spring-test-5.1.2.RELEASE.jar:5.1.2.RELEASE]
	at org.gradle.api.internal.tasks.testing.junit.JUnitTestClassExecutor.runTestClass(JUnitTestClassExecutor.java:106) ~[na:na]
	at org.gradle.api.internal.tasks.testing.junit.JUnitTestClassExecutor.execute(JUnitTestClassExecutor.java:58) ~[na:na]
	at org.gradle.api.internal.tasks.testing.junit.JUnitTestClassExecutor.execute(JUnitTestClassExecutor.java:38) ~[na:na]
	at org.gradle.api.internal.tasks.testing.junit.AbstractJUnitTestClassProcessor.processTestClass(AbstractJUnitTestClassProcessor.java:66) ~[na:na]
	at org.gradle.api.internal.tasks.testing.SuiteTestClassProcessor.processTestClass(SuiteTestClassProcessor.java:51) ~[na:na]
	at java.base/jdk.internal.reflect.NativeMethodAccessorImpl.invoke0(Native Method) ~[na:na]
	at java.base/jdk.internal.reflect.NativeMethodAccessorImpl.invoke(NativeMethodAccessorImpl.java:62) ~[na:na]
	at java.base/jdk.internal.reflect.DelegatingMethodAccessorImpl.invoke(DelegatingMethodAccessorImpl.java:43) ~[na:na]
	at java.base/java.lang.reflect.Method.invoke(Method.java:566) ~[na:na]
	at org.gradle.internal.dispatch.ReflectionDispatch.dispatch(ReflectionDispatch.java:35) ~[na:na]
	at org.gradle.internal.dispatch.ReflectionDispatch.dispatch(ReflectionDispatch.java:24) ~[na:na]
	at org.gradle.internal.dispatch.ContextClassLoaderDispatch.dispatch(ContextClassLoaderDispatch.java:32) ~[na:na]
	at org.gradle.internal.dispatch.ProxyDispatchAdapter$DispatchingInvocationHandler.invoke(ProxyDispatchAdapter.java:93) ~[na:na]
	at com.sun.proxy.$Proxy1.processTestClass(Unknown Source) ~[na:na]
	at org.gradle.api.internal.tasks.testing.worker.TestWorker.processTestClass(TestWorker.java:109) ~[na:na]
	at java.base/jdk.internal.reflect.NativeMethodAccessorImpl.invoke0(Native Method) ~[na:na]
	at java.base/jdk.internal.reflect.NativeMethodAccessorImpl.invoke(NativeMethodAccessorImpl.java:62) ~[na:na]
	at java.base/jdk.internal.reflect.DelegatingMethodAccessorImpl.invoke(DelegatingMethodAccessorImpl.java:43) ~[na:na]
	at java.base/java.lang.reflect.Method.invoke(Method.java:566) ~[na:na]
	at org.gradle.internal.dispatch.ReflectionDispatch.dispatch(ReflectionDispatch.java:35) ~[na:na]
	at org.gradle.internal.dispatch.ReflectionDispatch.dispatch(ReflectionDispatch.java:24) ~[na:na]
	at org.gradle.internal.remote.internal.hub.MessageHubBackedObjectConnection$DispatchWrapper.dispatch(MessageHubBackedObjectConnection.java:155) ~[na:na]
	at org.gradle.internal.remote.internal.hub.MessageHubBackedObjectConnection$DispatchWrapper.dispatch(MessageHubBackedObjectConnection.java:137) ~[na:na]
	at org.gradle.internal.remote.internal.hub.MessageHub$Handler.run(MessageHub.java:404) ~[na:na]
	at org.gradle.internal.concurrent.ExecutorPolicy$CatchAndRecordFailures.onExecute(ExecutorPolicy.java:63) ~[na:na]
	at org.gradle.internal.concurrent.ManagedExecutorImpl$1.run(ManagedExecutorImpl.java:46) ~[na:na]
	at java.base/java.util.concurrent.ThreadPoolExecutor.runWorker(ThreadPoolExecutor.java:1128) ~[na:na]
	at java.base/java.util.concurrent.ThreadPoolExecutor$Worker.run(ThreadPoolExecutor.java:628) ~[na:na]
	at org.gradle.internal.concurrent.ThreadFactoryImpl$ManagedThreadRunnable.run(ThreadFactoryImpl.java:55) ~[na:na]
	at java.base/java.lang.Thread.run(Thread.java:834) ~[na:na]
Caused by: java.sql.SQLFeatureNotSupportedException: Method org.postgresql.jdbc.PgConnection.createClob() is not yet implemented.
	at org.postgresql.Driver.notImplemented(Driver.java:688) ~[postgresql-42.2.5.jar:42.2.5]
	at org.postgresql.jdbc.PgConnection.createClob(PgConnection.java:1269) ~[postgresql-42.2.5.jar:42.2.5]
	... 94 common frames omitted

2020-02-05 09:18:40.124  INFO 18632 --- [    Test worker] org.hibernate.type.BasicTypeRegistry     : HHH000270: Type registration [java.util.UUID] overrides previous : org.hibernate.type.UUIDBinaryType@9c3fa11
2020-02-05 09:18:40.772  WARN 18632 --- [    Test worker] org.hibernate.id.UUIDHexGenerator        : HHH000409: Using org.hibernate.id.UUIDHexGenerator which does not generate IETF RFC 4122 compliant UUID values; consider using org.hibernate.id.UUIDGenerator instead
2020-02-05 09:18:42.317  INFO 18632 --- [    Test worker] j.LocalContainerEntityManagerFactoryBean : Initialized JPA EntityManagerFactory for persistence unit 'default'
2020-02-05 09:18:45.697  INFO 18632 --- [    Test worker] o.s.s.concurrent.ThreadPoolTaskExecutor  : Initializing ExecutorService 'applicationTaskExecutor'
2020-02-05 09:18:45.942  WARN 18632 --- [    Test worker] aWebConfiguration$JpaWebMvcConfiguration : spring.jpa.open-in-view is enabled by default. Therefore, database queries may be performed during view rendering. Explicitly configure spring.jpa.open-in-view to disable this warning
2020-02-05 09:18:47.829  INFO 18632 --- [    Test worker] c.t.t.controller.PersonControllerTest    : Started PersonControllerTest in 23.747 seconds (JVM running for 44.977)
2020-02-05 09:18:48.752  INFO 18632 --- [    Test worker] o.s.b.t.m.w.SpringBootMockServletContext : Initializing Spring TestDispatcherServlet ''
2020-02-05 09:18:48.753  INFO 18632 --- [    Test worker] o.s.t.web.servlet.TestDispatcherServlet  : Initializing Servlet ''
2020-02-05 09:18:48.830  INFO 18632 --- [    Test worker] o.s.t.web.servlet.TestDispatcherServlet  : Completed initialization in 76 ms
Person{id='e49dd27c-1c4a-4f5a-a542-3e9f9e6a907b', name='{&quot;name&quot;: &quot;Shivam&quot;}'}2020-02-05 09:18:49.493  INFO 18632 --- [    Test worker] o.h.h.i.QueryTranslatorFactoryInitiator  : HHH000397: Using ASTQueryTranslatorFactory
</pre>
</span>
</div>
</div>
<div id="footer">
<p>
<div>
<label class="hidden" id="label-for-line-wrapping-toggle" for="line-wrapping-toggle">Wrap lines
<input id="line-wrapping-toggle" type="checkbox" autocomplete="off"/>
</label>
</div>Generated by 
<a href="http://www.gradle.org">Gradle 4.8.1</a> at Feb 5, 2020, 9:18:52 AM</p>
</div>
</div>
</body>
</html>
